2024-02-21 15:39:57,438 INFO o.a.j.u.JMeterUtils: Setting Locale to en_EN
2024-02-21 15:39:57,493 INFO o.a.j.JMeter: Loading user properties from: /opt/homebrew/Cellar/jmeter/5.6.3/libexec/bin/user.properties
2024-02-21 15:39:57,496 INFO o.a.j.JMeter: Loading system properties from: /opt/homebrew/Cellar/jmeter/5.6.3/libexec/bin/system.properties
2024-02-21 15:39:57,500 INFO o.a.j.JMeter: Copyright (c) 1998-2024 The Apache Software Foundation
2024-02-21 15:39:57,500 INFO o.a.j.JMeter: Version 5.6.3
2024-02-21 15:39:57,500 INFO o.a.j.JMeter: java.version=21.0.1
2024-02-21 15:39:57,500 INFO o.a.j.JMeter: java.vm.name=OpenJDK 64-Bit Server VM
2024-02-21 15:39:57,500 INFO o.a.j.JMeter: os.name=Mac OS X
2024-02-21 15:39:57,500 INFO o.a.j.JMeter: os.arch=aarch64
2024-02-21 15:39:57,500 INFO o.a.j.JMeter: os.version=14.1.1
2024-02-21 15:39:57,500 INFO o.a.j.JMeter: file.encoding=UTF-8
2024-02-21 15:39:57,500 INFO o.a.j.JMeter: java.awt.headless=null
2024-02-21 15:39:57,500 INFO o.a.j.JMeter: Max memory     =1073741824
2024-02-21 15:39:57,500 INFO o.a.j.JMeter: Available Processors =10
2024-02-21 15:39:57,506 INFO o.a.j.JMeter: Default Locale=English (EN)
2024-02-21 15:39:57,506 INFO o.a.j.JMeter: JMeter  Locale=English (EN)
2024-02-21 15:39:57,506 INFO o.a.j.JMeter: JMeterHome=/opt/homebrew/Cellar/jmeter/5.6.3/libexec
2024-02-21 15:39:57,506 INFO o.a.j.JMeter: user.dir  =/Users/gvalencia/Documents/github/reactive-programming
2024-02-21 15:39:57,506 INFO o.a.j.JMeter: PWD       =/Users/gvalencia/Documents/github/reactive-programming
2024-02-21 15:39:57,509 INFO o.a.j.JMeter: IP: 192.168.1.36 Name: German-Valencia-Vargas FullName: 192.168.1.36
2024-02-21 15:39:57,515 INFO o.a.j.JMeter: Loaded icon properties from org/apache/jmeter/images/icon.properties
2024-02-21 15:39:58,445 INFO o.a.j.JMeterGuiLauncher: Setting LAF to: laf:javax.swing.plaf.metal.MetalLookAndFeel
2024-02-21 15:39:59,717 INFO o.a.j.r.ClassFinder: Will scan jar /opt/homebrew/Cellar/jmeter/5.6.3/libexec/lib/ext/jmeter-plugins-manager-1.10.jar with filter ExtendsClassFilter [parents=[interface org.apache.jmeter.gui.action.Command], inner=false, contains=null, notContains=null]. Consider exposing JMeter plugins via META-INF/services, and add JMeter-Skip-Class-Scanning=true manifest attribute so JMeter can skip classfile scanning
2024-02-21 15:39:59,759 INFO o.a.j.r.ClassFinder: Will scan jar /opt/homebrew/Cellar/jmeter/5.6.3/libexec/lib/ext/jmeter-plugins-graphs-additional-2.0.jar with filter ExtendsClassFilter [parents=[interface org.apache.jmeter.gui.action.Command], inner=false, contains=null, notContains=null]. Consider exposing JMeter plugins via META-INF/services, and add JMeter-Skip-Class-Scanning=true manifest attribute so JMeter can skip classfile scanning
2024-02-21 15:39:59,761 INFO o.a.j.r.ClassFinder: Will scan jar /opt/homebrew/Cellar/jmeter/5.6.3/libexec/lib/ext/jmeter-plugins-graphs-basic-2.0.jar with filter ExtendsClassFilter [parents=[interface org.apache.jmeter.gui.action.Command], inner=false, contains=null, notContains=null]. Consider exposing JMeter plugins via META-INF/services, and add JMeter-Skip-Class-Scanning=true manifest attribute so JMeter can skip classfile scanning
2024-02-21 15:39:59,851 INFO o.a.j.r.ClassFinder: Will scan jar /opt/homebrew/Cellar/jmeter/5.6.3/libexec/lib/ext/jmeter-plugins-manager-1.10.jar with filter ExtendsClassFilter [parents=[interface org.apache.jmeter.gui.plugin.MenuCreator], inner=false, contains=null, notContains=null]. Consider exposing JMeter plugins via META-INF/services, and add JMeter-Skip-Class-Scanning=true manifest attribute so JMeter can skip classfile scanning
2024-02-21 15:39:59,852 INFO o.a.j.r.ClassFinder: Will scan jar /opt/homebrew/Cellar/jmeter/5.6.3/libexec/lib/ext/jmeter-plugins-graphs-additional-2.0.jar with filter ExtendsClassFilter [parents=[interface org.apache.jmeter.gui.plugin.MenuCreator], inner=false, contains=null, notContains=null]. Consider exposing JMeter plugins via META-INF/services, and add JMeter-Skip-Class-Scanning=true manifest attribute so JMeter can skip classfile scanning
2024-02-21 15:39:59,853 INFO o.a.j.r.ClassFinder: Will scan jar /opt/homebrew/Cellar/jmeter/5.6.3/libexec/lib/ext/jmeter-plugins-graphs-basic-2.0.jar with filter ExtendsClassFilter [parents=[interface org.apache.jmeter.gui.plugin.MenuCreator], inner=false, contains=null, notContains=null]. Consider exposing JMeter plugins via META-INF/services, and add JMeter-Skip-Class-Scanning=true manifest attribute so JMeter can skip classfile scanning
2024-02-21 15:39:59,909 INFO o.j.r.JARSourceHTTP: Requesting https://jmeter-plugins.org/repo/?installID=mac_os_x-9adbcde203ef5795f92ce30a656d887f-gui
2024-02-21 15:40:01,371 INFO o.j.r.PluginManager: Plugins Status: [jpgc-graphs-basic=2.0, jpgc-graphs-additional=2.0, jpgc-plugins-manager=1.10, jmeter-core=5.6.3, jmeter-ftp=5.6.3, jmeter-http=5.6.3, jmeter-jdbc=5.6.3, jmeter-jms=5.6.3, jmeter-junit=5.6.3, jmeter-java=5.6.3, jmeter-ldap=5.6.3, jmeter-mail=5.6.3, jmeter-mongodb=5.6.3, jmeter-native=5.6.3, jmeter-tcp=5.6.3, jmeter-components=5.6.3]
2024-02-21 15:40:06,396 INFO o.a.j.s.FileServer: Default base='/Users/gvalencia/Documents/github/reactive-programming'
2024-02-21 15:40:06,398 INFO o.a.j.g.a.Load: Loading file: /Users/gvalencia/Documents/github/reactive-programming/tomcat-vs-netty-test-plan.jmx
2024-02-21 15:40:06,398 INFO o.a.j.s.FileServer: Set new base='/Users/gvalencia/Documents/github/reactive-programming'
2024-02-21 15:40:06,497 INFO o.a.j.s.SaveService: Testplan (JMX) version: 2.2. Testlog (JTL) version: 2.2
2024-02-21 15:40:06,521 INFO o.a.j.s.SaveService: Using SaveService properties version 5.0
2024-02-21 15:40:06,523 INFO o.a.j.s.SaveService: Using SaveService properties file encoding UTF-8
2024-02-21 15:40:06,523 INFO o.a.j.s.SaveService: Loading file: /Users/gvalencia/Documents/github/reactive-programming/tomcat-vs-netty-test-plan.jmx
2024-02-21 15:40:06,567 INFO o.a.j.p.h.s.HTTPSamplerBase: Parser for text/html is org.apache.jmeter.protocol.http.parser.LagartoBasedHtmlParser
2024-02-21 15:40:06,567 INFO o.a.j.p.h.s.HTTPSamplerBase: Parser for application/xhtml+xml is org.apache.jmeter.protocol.http.parser.LagartoBasedHtmlParser
2024-02-21 15:40:06,567 INFO o.a.j.p.h.s.HTTPSamplerBase: Parser for application/xml is org.apache.jmeter.protocol.http.parser.LagartoBasedHtmlParser
2024-02-21 15:40:06,567 INFO o.a.j.p.h.s.HTTPSamplerBase: Parser for text/xml is org.apache.jmeter.protocol.http.parser.LagartoBasedHtmlParser
2024-02-21 15:40:06,567 INFO o.a.j.p.h.s.HTTPSamplerBase: Parser for text/vnd.wap.wml is org.apache.jmeter.protocol.http.parser.RegexpHTMLParser
2024-02-21 15:40:06,567 INFO o.a.j.p.h.s.HTTPSamplerBase: Parser for text/css is org.apache.jmeter.protocol.http.parser.CssParser
2024-02-21 15:40:06,626 INFO o.a.j.s.SampleResult: Note: Sample TimeStamps are START times
2024-02-21 15:40:06,626 INFO o.a.j.s.SampleResult: sampleresult.default.encoding is set to UTF-8
2024-02-21 15:40:06,626 INFO o.a.j.s.SampleResult: sampleresult.useNanoTime=true
2024-02-21 15:40:06,626 INFO o.a.j.s.SampleResult: sampleresult.nanoThreadSleep=5000
2024-02-21 15:40:06,671 INFO o.a.j.r.ClassFinder: Will scan jar /opt/homebrew/Cellar/jmeter/5.6.3/libexec/lib/ext/jmeter-plugins-manager-1.10.jar with filter ExtendsClassFilter [parents=[interface org.apache.jmeter.visualizers.ResultRenderer], inner=false, contains=null, notContains=null]. Consider exposing JMeter plugins via META-INF/services, and add JMeter-Skip-Class-Scanning=true manifest attribute so JMeter can skip classfile scanning
2024-02-21 15:40:06,672 INFO o.a.j.r.ClassFinder: Will scan jar /opt/homebrew/Cellar/jmeter/5.6.3/libexec/lib/ext/jmeter-plugins-graphs-additional-2.0.jar with filter ExtendsClassFilter [parents=[interface org.apache.jmeter.visualizers.ResultRenderer], inner=false, contains=null, notContains=null]. Consider exposing JMeter plugins via META-INF/services, and add JMeter-Skip-Class-Scanning=true manifest attribute so JMeter can skip classfile scanning
2024-02-21 15:40:06,673 INFO o.a.j.r.ClassFinder: Will scan jar /opt/homebrew/Cellar/jmeter/5.6.3/libexec/lib/ext/jmeter-plugins-graphs-basic-2.0.jar with filter ExtendsClassFilter [parents=[interface org.apache.jmeter.visualizers.ResultRenderer], inner=false, contains=null, notContains=null]. Consider exposing JMeter plugins via META-INF/services, and add JMeter-Skip-Class-Scanning=true manifest attribute so JMeter can skip classfile scanning
2024-02-21 15:40:06,678 INFO o.a.j.r.ClassFinder: Will scan jar /opt/homebrew/Cellar/jmeter/5.6.3/libexec/lib/ext/jmeter-plugins-manager-1.10.jar with filter ExtendsClassFilter [parents=[interface org.apache.jmeter.visualizers.RequestView], inner=false, contains=null, notContains=null]. Consider exposing JMeter plugins via META-INF/services, and add JMeter-Skip-Class-Scanning=true manifest attribute so JMeter can skip classfile scanning
2024-02-21 15:40:06,679 INFO o.a.j.r.ClassFinder: Will scan jar /opt/homebrew/Cellar/jmeter/5.6.3/libexec/lib/ext/jmeter-plugins-graphs-additional-2.0.jar with filter ExtendsClassFilter [parents=[interface org.apache.jmeter.visualizers.RequestView], inner=false, contains=null, notContains=null]. Consider exposing JMeter plugins via META-INF/services, and add JMeter-Skip-Class-Scanning=true manifest attribute so JMeter can skip classfile scanning
2024-02-21 15:40:06,679 INFO o.a.j.r.ClassFinder: Will scan jar /opt/homebrew/Cellar/jmeter/5.6.3/libexec/lib/ext/jmeter-plugins-graphs-basic-2.0.jar with filter ExtendsClassFilter [parents=[interface org.apache.jmeter.visualizers.RequestView], inner=false, contains=null, notContains=null]. Consider exposing JMeter plugins via META-INF/services, and add JMeter-Skip-Class-Scanning=true manifest attribute so JMeter can skip classfile scanning
2024-02-21 15:40:06,691 INFO o.a.j.s.FileServer: Set new base='/Users/gvalencia/Documents/github/reactive-programming'
2024-02-21 15:40:17,086 INFO o.a.j.e.StandardJMeterEngine: Running the test!
2024-02-21 15:40:17,087 INFO o.a.j.s.SampleEvent: List of sample_variables: []
2024-02-21 15:40:17,087 INFO o.a.j.s.SampleEvent: List of sample_variables: []
2024-02-21 15:40:17,087 INFO o.a.j.e.u.CompoundVariable: Note: Function class names must contain the string: '.functions.'
2024-02-21 15:40:17,087 INFO o.a.j.e.u.CompoundVariable: Note: Function class names must not contain the string: '.gui.'
2024-02-21 15:40:17,122 INFO o.a.j.r.ClassFinder: Will scan jar /opt/homebrew/Cellar/jmeter/5.6.3/libexec/lib/ext/jmeter-plugins-manager-1.10.jar with filter ExtendsClassFilter [parents=[interface org.apache.jmeter.functions.Function], inner=false, contains=null, notContains=null]. Consider exposing JMeter plugins via META-INF/services, and add JMeter-Skip-Class-Scanning=true manifest attribute so JMeter can skip classfile scanning
2024-02-21 15:40:17,123 INFO o.a.j.r.ClassFinder: Will scan jar /opt/homebrew/Cellar/jmeter/5.6.3/libexec/lib/ext/jmeter-plugins-graphs-additional-2.0.jar with filter ExtendsClassFilter [parents=[interface org.apache.jmeter.functions.Function], inner=false, contains=null, notContains=null]. Consider exposing JMeter plugins via META-INF/services, and add JMeter-Skip-Class-Scanning=true manifest attribute so JMeter can skip classfile scanning
2024-02-21 15:40:17,124 INFO o.a.j.r.ClassFinder: Will scan jar /opt/homebrew/Cellar/jmeter/5.6.3/libexec/lib/ext/jmeter-plugins-graphs-basic-2.0.jar with filter ExtendsClassFilter [parents=[interface org.apache.jmeter.functions.Function], inner=false, contains=null, notContains=null]. Consider exposing JMeter plugins via META-INF/services, and add JMeter-Skip-Class-Scanning=true manifest attribute so JMeter can skip classfile scanning
2024-02-21 15:40:17,125 INFO o.a.j.g.u.JMeterMenuBar: setRunning(true, *local*)
2024-02-21 15:40:17,147 INFO o.a.j.e.StandardJMeterEngine: Starting ThreadGroup: 1 : Users Group
2024-02-21 15:40:17,147 INFO o.a.j.e.StandardJMeterEngine: Starting 1000 threads for group Users Group.
2024-02-21 15:40:17,147 INFO o.a.j.e.StandardJMeterEngine: Thread will continue on error
2024-02-21 15:40:17,147 INFO o.a.j.t.ThreadGroup: Starting thread group... number=1 threads=1000 ramp-up=3 delayedStart=false
2024-02-21 15:40:17,149 INFO o.a.j.t.JMeterThread: Thread started: Users Group 1-1
2024-02-21 15:40:17,151 INFO o.a.j.t.JMeterThread: Thread started: Users Group 1-2
2024-02-21 15:40:17,153 INFO o.a.j.p.h.s.HTTPHCAbstractImpl: Local host = German-Valencia-Vargas
2024-02-21 15:40:17,154 INFO o.a.j.t.JMeterThread: Thread started: Users Group 1-3
2024-02-21 15:40:17,156 INFO o.a.j.p.h.s.HTTPHC4Impl: HTTP request retry count = 0
2024-02-21 15:40:17,158 INFO o.a.j.t.JMeterThread: Thread started: Users Group 1-4
2024-02-21 15:40:17,161 INFO o.a.j.t.JMeterThread: Thread started: Users Group 1-5
2024-02-21 15:40:17,166 INFO o.a.j.t.JMeterThread: Thread started: Users Group 1-6
2024-02-21 15:40:17,166 INFO o.a.j.t.JMeterThread: Thread started: Users Group 1-7
2024-02-21 15:40:17,173 INFO o.a.j.t.JMeterThread: Thread started: Users Group 1-8
2024-02-21 15:40:17,174 INFO o.a.j.t.JMeterThread: Thread started: Users Group 1-9
2024-02-21 15:40:17,177 INFO o.a.j.t.JMeterThread: Thread started: Users Group 1-10
2024-02-21 15:40:17,182 INFO o.a.j.t.JMeterThread: Thread started: Users Group 1-12
2024-02-21 15:40:17,182 INFO o.a.j.t.JMeterThread: Thread started: Users Group 1-11
2024-02-21 15:40:17,189 INFO o.a.j.t.JMeterThread: Thread started: Users Group 1-13
2024-02-21 15:40:17,190 INFO o.a.j.t.JMeterThread: Thread started: Users Group 1-15
2024-02-21 15:40:17,191 INFO o.a.j.t.JMeterThread: Thread started: Users Group 1-14
2024-02-21 15:40:17,192 INFO o.a.j.t.JMeterThread: Thread started: Users Group 1-16
2024-02-21 15:40:17,197 INFO o.a.j.t.JMeterThread: Thread started: Users Group 1-17
2024-02-21 15:40:17,199 INFO o.a.j.t.JMeterThread: Thread started: Users Group 1-18
2024-02-21 15:40:17,203 INFO o.a.j.t.JMeterThread: Thread started: Users Group 1-19
2024-02-21 15:40:17,204 INFO o.a.j.t.JMeterThread: Thread started: Users Group 1-20
2024-02-21 15:40:17,212 INFO o.a.j.t.JMeterThread: Thread started: Users Group 1-21
2024-02-21 15:40:17,212 INFO o.a.j.t.JMeterThread: Thread started: Users Group 1-22
2024-02-21 15:40:17,215 INFO o.a.j.t.JMeterThread: Thread started: Users Group 1-23
2024-02-21 15:40:17,219 INFO o.a.j.t.JMeterThread: Thread started: Users Group 1-24
2024-02-21 15:40:17,221 INFO o.a.j.t.JMeterThread: Thread started: Users Group 1-25
2024-02-21 15:40:17,222 INFO o.a.j.t.JMeterThread: Thread started: Users Group 1-26
2024-02-21 15:40:17,230 INFO o.a.j.t.JMeterThread: Thread started: Users Group 1-28
2024-02-21 15:40:17,230 INFO o.a.j.t.JMeterThread: Thread started: Users Group 1-27
2024-02-21 15:40:17,236 INFO o.a.j.t.JMeterThread: Thread started: Users Group 1-29
2024-02-21 15:40:17,238 INFO o.a.j.t.JMeterThread: Thread started: Users Group 1-31
2024-02-21 15:40:17,238 INFO o.a.j.t.JMeterThread: Thread started: Users Group 1-30
2024-02-21 15:40:17,246 INFO o.a.j.t.JMeterThread: Thread started: Users Group 1-32
2024-02-21 15:40:17,248 INFO o.a.j.t.JMeterThread: Thread started: Users Group 1-34
2024-02-21 15:40:17,249 INFO o.a.j.t.JMeterThread: Thread started: Users Group 1-33
2024-02-21 15:40:17,252 INFO o.a.j.t.JMeterThread: Thread started: Users Group 1-35
2024-02-21 15:40:17,257 INFO o.a.j.t.JMeterThread: Thread started: Users Group 1-37
2024-02-21 15:40:17,257 INFO o.a.j.t.JMeterThread: Thread started: Users Group 1-36
2024-02-21 15:40:17,261 INFO o.a.j.t.JMeterThread: Thread started: Users Group 1-38
2024-02-21 15:40:17,262 INFO o.a.j.t.JMeterThread: Thread started: Users Group 1-39
2024-02-21 15:40:17,269 INFO o.a.j.t.JMeterThread: Thread started: Users Group 1-40
2024-02-21 15:40:17,272 INFO o.a.j.t.JMeterThread: Thread started: Users Group 1-41
2024-02-21 15:40:17,273 INFO o.a.j.t.JMeterThread: Thread started: Users Group 1-42
2024-02-21 15:40:17,274 INFO o.a.j.t.JMeterThread: Thread started: Users Group 1-43
2024-02-21 15:40:17,279 INFO o.a.j.t.JMeterThread: Thread started: Users Group 1-44
2024-02-21 15:40:17,284 INFO o.a.j.t.JMeterThread: Thread started: Users Group 1-46
2024-02-21 15:40:17,285 INFO o.a.j.t.JMeterThread: Thread started: Users Group 1-45
2024-02-21 15:40:17,287 INFO o.a.j.t.JMeterThread: Thread started: Users Group 1-47
2024-02-21 15:40:17,290 INFO o.a.j.t.JMeterThread: Thread started: Users Group 1-48
2024-02-21 15:40:17,296 INFO o.a.j.t.JMeterThread: Thread started: Users Group 1-50
2024-02-21 15:40:17,297 INFO o.a.j.t.JMeterThread: Thread started: Users Group 1-49
2024-02-21 15:40:17,302 INFO o.a.j.t.JMeterThread: Thread started: Users Group 1-52
2024-02-21 15:40:17,302 INFO o.a.j.t.JMeterThread: Thread started: Users Group 1-51
2024-02-21 15:40:17,306 INFO o.a.j.t.JMeterThread: Thread started: Users Group 1-53
2024-02-21 15:40:17,311 INFO o.a.j.t.JMeterThread: Thread started: Users Group 1-54
2024-02-21 15:40:17,312 INFO o.a.j.t.JMeterThread: Thread started: Users Group 1-55
2024-02-21 15:40:17,314 INFO o.a.j.t.JMeterThread: Thread started: Users Group 1-56
2024-02-21 15:40:17,316 INFO o.a.j.t.JMeterThread: Thread started: Users Group 1-57
2024-02-21 15:40:17,319 INFO o.a.j.t.JMeterThread: Thread started: Users Group 1-58
2024-02-21 15:40:17,325 INFO o.a.j.t.JMeterThread: Thread started: Users Group 1-59
2024-02-21 15:40:17,325 INFO o.a.j.t.JMeterThread: Thread started: Users Group 1-60
2024-02-21 15:40:17,325 INFO o.a.j.t.ThreadGroup: Started thread group number 1
2024-02-21 15:40:17,325 INFO o.a.j.e.StandardJMeterEngine: All thread groups have been started
2024-02-21 15:40:17,327 INFO o.a.j.t.JMeterThread: Thread started: Users Group 1-61
2024-02-21 15:40:17,334 INFO o.a.j.t.JMeterThread: Thread started: Users Group 1-63
2024-02-21 15:40:17,334 INFO o.a.j.t.JMeterThread: Thread started: Users Group 1-62
2024-02-21 15:40:17,340 INFO o.a.j.t.JMeterThread: Thread started: Users Group 1-65
2024-02-21 15:40:17,342 INFO o.a.j.t.JMeterThread: Thread started: Users Group 1-64
2024-02-21 15:40:17,345 INFO o.a.j.t.JMeterThread: Thread started: Users Group 1-66
2024-02-21 15:40:17,347 INFO o.a.j.t.JMeterThread: Thread started: Users Group 1-67
2024-02-21 15:40:17,351 INFO o.a.j.t.JMeterThread: Thread started: Users Group 1-68
2024-02-21 15:40:17,354 INFO o.a.j.t.JMeterThread: Thread started: Users Group 1-69
2024-02-21 15:40:17,355 INFO o.a.j.t.JMeterThread: Thread started: Users Group 1-70
2024-02-21 15:40:17,362 INFO o.a.j.t.JMeterThread: Thread started: Users Group 1-72
2024-02-21 15:40:17,362 INFO o.a.j.t.JMeterThread: Thread started: Users Group 1-71
2024-02-21 15:40:17,364 INFO o.a.j.t.JMeterThread: Thread started: Users Group 1-73
2024-02-21 15:40:17,372 INFO o.a.j.t.JMeterThread: Thread started: Users Group 1-74
2024-02-21 15:40:17,374 INFO o.a.j.t.JMeterThread: Thread started: Users Group 1-76
2024-02-21 15:40:17,374 INFO o.a.j.t.JMeterThread: Thread started: Users Group 1-75
2024-02-21 15:40:17,378 INFO o.a.j.t.JMeterThread: Thread started: Users Group 1-77
2024-02-21 15:40:17,381 INFO o.a.j.t.JMeterThread: Thread started: Users Group 1-78
2024-02-21 15:40:17,386 INFO o.a.j.t.JMeterThread: Thread started: Users Group 1-79
2024-02-21 15:40:17,390 INFO o.a.j.t.JMeterThread: Thread started: Users Group 1-80
2024-02-21 15:40:17,390 INFO o.a.j.t.JMeterThread: Thread started: Users Group 1-81
2024-02-21 15:40:17,392 INFO o.a.j.t.JMeterThread: Thread started: Users Group 1-82
2024-02-21 15:40:17,394 INFO o.a.j.t.JMeterThread: Thread started: Users Group 1-83
2024-02-21 15:40:17,399 INFO o.a.j.t.JMeterThread: Thread started: Users Group 1-84
2024-02-21 15:40:17,404 INFO o.a.j.t.JMeterThread: Thread started: Users Group 1-86
2024-02-21 15:40:17,404 INFO o.a.j.t.JMeterThread: Thread started: Users Group 1-85
2024-02-21 15:40:17,407 INFO o.a.j.t.JMeterThread: Thread started: Users Group 1-87
2024-02-21 15:40:17,409 INFO o.a.j.t.JMeterThread: Thread started: Users Group 1-88
2024-02-21 15:40:17,412 INFO o.a.j.t.JMeterThread: Thread started: Users Group 1-89
2024-02-21 15:40:17,418 INFO o.a.j.t.JMeterThread: Thread started: Users Group 1-90
2024-02-21 15:40:17,418 INFO o.a.j.t.JMeterThread: Thread started: Users Group 1-91
2024-02-21 15:40:17,425 INFO o.a.j.t.JMeterThread: Thread started: Users Group 1-92
2024-02-21 15:40:17,430 INFO o.a.j.t.JMeterThread: Thread started: Users Group 1-93
2024-02-21 15:40:17,432 INFO o.a.j.t.JMeterThread: Thread started: Users Group 1-95
2024-02-21 15:40:17,434 INFO o.a.j.t.JMeterThread: Thread started: Users Group 1-94
2024-02-21 15:40:17,437 INFO o.a.j.t.JMeterThread: Thread started: Users Group 1-96
2024-02-21 15:40:17,442 INFO o.a.j.t.JMeterThread: Thread started: Users Group 1-97
2024-02-21 15:40:17,447 INFO o.a.j.t.JMeterThread: Thread started: Users Group 1-98
2024-02-21 15:40:17,451 INFO o.a.j.t.JMeterThread: Thread started: Users Group 1-99
2024-02-21 15:40:17,454 INFO o.a.j.t.JMeterThread: Thread started: Users Group 1-100
2024-02-21 15:40:17,456 INFO o.a.j.t.JMeterThread: Thread started: Users Group 1-101
2024-02-21 15:40:17,458 INFO o.a.j.t.JMeterThread: Thread started: Users Group 1-102
2024-02-21 15:40:17,462 INFO o.a.j.t.JMeterThread: Thread started: Users Group 1-104
2024-02-21 15:40:17,463 INFO o.a.j.t.JMeterThread: Thread started: Users Group 1-103
2024-02-21 15:40:17,464 INFO o.a.j.t.JMeterThread: Thread started: Users Group 1-105
2024-02-21 15:40:17,469 INFO o.a.j.t.JMeterThread: Thread started: Users Group 1-108
2024-02-21 15:40:17,470 INFO o.a.j.t.JMeterThread: Thread started: Users Group 1-107
2024-02-21 15:40:17,470 INFO o.a.j.t.JMeterThread: Thread started: Users Group 1-106
2024-02-21 15:40:17,477 INFO o.a.j.t.JMeterThread: Thread started: Users Group 1-109
2024-02-21 15:40:17,482 INFO o.a.j.t.JMeterThread: Thread started: Users Group 1-110
2024-02-21 15:40:17,482 INFO o.a.j.t.JMeterThread: Thread started: Users Group 1-111
2024-02-21 15:40:17,491 INFO o.a.j.t.JMeterThread: Thread started: Users Group 1-112
2024-02-21 15:40:17,491 INFO o.a.j.t.JMeterThread: Thread started: Users Group 1-113
2024-02-21 15:40:17,494 INFO o.a.j.t.JMeterThread: Thread started: Users Group 1-114
2024-02-21 15:40:17,497 INFO o.a.j.t.JMeterThread: Thread started: Users Group 1-115
2024-02-21 15:40:17,501 INFO o.a.j.t.JMeterThread: Thread started: Users Group 1-116
2024-02-21 15:40:17,508 INFO o.a.j.t.JMeterThread: Thread started: Users Group 1-118
2024-02-21 15:40:17,508 INFO o.a.j.t.JMeterThread: Thread started: Users Group 1-117
2024-02-21 15:40:17,511 INFO o.a.j.t.JMeterThread: Thread started: Users Group 1-119
2024-02-21 15:40:17,514 INFO o.a.j.t.JMeterThread: Thread started: Users Group 1-120
2024-02-21 15:40:17,515 INFO o.a.j.t.JMeterThread: Thread started: Users Group 1-123
2024-02-21 15:40:17,516 INFO o.a.j.t.JMeterThread: Thread started: Users Group 1-122
2024-02-21 15:40:17,513 INFO o.a.j.t.JMeterThread: Thread started: Users Group 1-121
2024-02-21 15:40:17,525 INFO o.a.j.t.JMeterThread: Thread started: Users Group 1-124
2024-02-21 15:40:17,535 INFO o.a.j.t.JMeterThread: Thread started: Users Group 1-125
2024-02-21 15:40:17,539 INFO o.a.j.t.JMeterThread: Thread started: Users Group 1-127
2024-02-21 15:40:17,541 INFO o.a.j.t.JMeterThread: Thread started: Users Group 1-128
2024-02-21 15:40:17,543 INFO o.a.j.t.JMeterThread: Thread started: Users Group 1-129
2024-02-21 15:40:17,546 INFO o.a.j.t.JMeterThread: Thread started: Users Group 1-130
2024-02-21 15:40:17,546 INFO o.a.j.t.JMeterThread: Thread started: Users Group 1-131
2024-02-21 15:40:17,547 INFO o.a.j.t.JMeterThread: Thread started: Users Group 1-126
2024-02-21 15:40:17,549 INFO o.a.j.t.JMeterThread: Thread started: Users Group 1-132
2024-02-21 15:40:17,550 INFO o.a.j.t.JMeterThread: Thread started: Users Group 1-133
2024-02-21 15:40:17,556 INFO o.a.j.t.JMeterThread: Thread started: Users Group 1-134
2024-02-21 15:40:17,561 INFO o.a.j.t.JMeterThread: Thread started: Users Group 1-136
2024-02-21 15:40:17,561 INFO o.a.j.t.JMeterThread: Thread started: Users Group 1-135
2024-02-21 15:40:17,564 INFO o.a.j.t.JMeterThread: Thread started: Users Group 1-137
2024-02-21 15:40:17,566 INFO o.a.j.t.JMeterThread: Thread started: Users Group 1-138
2024-02-21 15:40:17,573 INFO o.a.j.t.JMeterThread: Thread started: Users Group 1-139
2024-02-21 15:40:17,576 INFO o.a.j.t.JMeterThread: Thread started: Users Group 1-140
2024-02-21 15:40:17,578 INFO o.a.j.t.JMeterThread: Thread started: Users Group 1-141
2024-02-21 15:40:17,580 INFO o.a.j.t.JMeterThread: Thread started: Users Group 1-143
2024-02-21 15:40:17,584 INFO o.a.j.t.JMeterThread: Thread started: Users Group 1-142
2024-02-21 15:40:17,585 INFO o.a.j.t.JMeterThread: Thread started: Users Group 1-146
2024-02-21 15:40:17,586 INFO o.a.j.t.JMeterThread: Thread started: Users Group 1-144
2024-02-21 15:40:17,588 INFO o.a.j.t.JMeterThread: Thread started: Users Group 1-145
2024-02-21 15:40:17,596 INFO o.a.j.t.JMeterThread: Thread started: Users Group 1-147
2024-02-21 15:40:17,599 INFO o.a.j.t.JMeterThread: Thread started: Users Group 1-148
2024-02-21 15:40:17,602 INFO o.a.j.t.JMeterThread: Thread started: Users Group 1-149
2024-02-21 15:40:17,605 INFO o.a.j.t.JMeterThread: Thread started: Users Group 1-150
2024-02-21 15:40:17,608 INFO o.a.j.t.JMeterThread: Thread started: Users Group 1-151
2024-02-21 15:40:17,608 INFO o.a.j.t.JMeterThread: Thread started: Users Group 1-152
2024-02-21 15:40:17,613 INFO o.a.j.t.JMeterThread: Thread started: Users Group 1-153
2024-02-21 15:40:17,613 INFO o.a.j.t.JMeterThread: Thread started: Users Group 1-154
2024-02-21 15:40:17,617 INFO o.a.j.t.JMeterThread: Thread started: Users Group 1-155
2024-02-21 15:40:17,622 INFO o.a.j.t.JMeterThread: Thread started: Users Group 1-156
2024-02-21 15:40:17,623 INFO o.a.j.t.JMeterThread: Thread started: Users Group 1-157
2024-02-21 15:40:17,624 INFO o.a.j.t.JMeterThread: Thread started: Users Group 1-158
2024-02-21 15:40:17,627 INFO o.a.j.t.JMeterThread: Thread started: Users Group 1-159
2024-02-21 15:40:17,630 INFO o.a.j.t.JMeterThread: Thread started: Users Group 1-160
2024-02-21 15:40:17,633 INFO o.a.j.t.JMeterThread: Thread started: Users Group 1-161
2024-02-21 15:40:17,636 INFO o.a.j.t.JMeterThread: Thread started: Users Group 1-162
2024-02-21 15:40:17,640 INFO o.a.j.t.JMeterThread: Thread started: Users Group 1-163
2024-02-21 15:40:17,643 INFO o.a.j.t.JMeterThread: Thread started: Users Group 1-164
2024-02-21 15:40:17,643 INFO o.a.j.t.JMeterThread: Thread started: Users Group 1-165
2024-02-21 15:40:17,649 INFO o.a.j.t.JMeterThread: Thread started: Users Group 1-166
2024-02-21 15:40:17,651 INFO o.a.j.t.JMeterThread: Thread started: Users Group 1-167
2024-02-21 15:40:17,651 INFO o.a.j.t.JMeterThread: Thread started: Users Group 1-168
2024-02-21 15:40:17,658 INFO o.a.j.t.JMeterThread: Thread started: Users Group 1-169
2024-02-21 15:40:17,660 INFO o.a.j.t.JMeterThread: Thread started: Users Group 1-170
2024-02-21 15:40:17,664 INFO o.a.j.t.JMeterThread: Thread started: Users Group 1-171
2024-02-21 15:40:17,664 INFO o.a.j.t.JMeterThread: Thread started: Users Group 1-172
2024-02-21 15:40:17,670 INFO o.a.j.t.JMeterThread: Thread started: Users Group 1-173
2024-02-21 15:40:17,670 INFO o.a.j.t.JMeterThread: Thread started: Users Group 1-174
2024-02-21 15:40:17,675 INFO o.a.j.t.JMeterThread: Thread started: Users Group 1-175
2024-02-21 15:40:17,675 INFO o.a.j.t.JMeterThread: Thread started: Users Group 1-176
2024-02-21 15:40:17,678 INFO o.a.j.t.JMeterThread: Thread started: Users Group 1-177
2024-02-21 15:40:17,679 INFO o.a.j.t.JMeterThread: Thread started: Users Group 1-178
2024-02-21 15:40:17,682 INFO o.a.j.t.JMeterThread: Thread started: Users Group 1-179
2024-02-21 15:40:17,690 INFO o.a.j.t.JMeterThread: Thread started: Users Group 1-181
2024-02-21 15:40:17,691 INFO o.a.j.t.JMeterThread: Thread started: Users Group 1-180
2024-02-21 15:40:17,695 INFO o.a.j.t.JMeterThread: Thread started: Users Group 1-182
2024-02-21 15:40:17,697 INFO o.a.j.t.JMeterThread: Thread started: Users Group 1-183
2024-02-21 15:40:17,704 INFO o.a.j.t.JMeterThread: Thread started: Users Group 1-184
2024-02-21 15:40:17,705 INFO o.a.j.t.JMeterThread: Thread started: Users Group 1-185
2024-02-21 15:40:17,710 INFO o.a.j.t.JMeterThread: Thread started: Users Group 1-186
2024-02-21 15:40:17,710 INFO o.a.j.t.JMeterThread: Thread started: Users Group 1-187
2024-02-21 15:40:17,712 INFO o.a.j.t.JMeterThread: Thread started: Users Group 1-188
2024-02-21 15:40:17,717 INFO o.a.j.t.JMeterThread: Thread started: Users Group 1-189
2024-02-21 15:40:17,719 INFO o.a.j.t.JMeterThread: Thread started: Users Group 1-190
2024-02-21 15:40:17,722 INFO o.a.j.t.JMeterThread: Thread started: Users Group 1-191
2024-02-21 15:40:17,727 INFO o.a.j.t.JMeterThread: Thread started: Users Group 1-192
2024-02-21 15:40:17,732 INFO o.a.j.t.JMeterThread: Thread started: Users Group 1-193
2024-02-21 15:40:17,736 INFO o.a.j.t.JMeterThread: Thread started: Users Group 1-194
2024-02-21 15:40:17,738 INFO o.a.j.t.JMeterThread: Thread started: Users Group 1-195
2024-02-21 15:40:17,738 INFO o.a.j.t.JMeterThread: Thread started: Users Group 1-196
2024-02-21 15:40:17,743 INFO o.a.j.t.JMeterThread: Thread started: Users Group 1-197
2024-02-21 15:40:17,746 INFO o.a.j.t.JMeterThread: Thread started: Users Group 1-198
2024-02-21 15:40:17,746 INFO o.a.j.t.JMeterThread: Thread started: Users Group 1-199
2024-02-21 15:40:17,751 INFO o.a.j.t.JMeterThread: Thread started: Users Group 1-201
2024-02-21 15:40:17,751 INFO o.a.j.t.JMeterThread: Thread started: Users Group 1-200
2024-02-21 15:40:17,758 INFO o.a.j.t.JMeterThread: Thread started: Users Group 1-202
2024-02-21 15:40:17,759 INFO o.a.j.t.JMeterThread: Thread started: Users Group 1-203
2024-02-21 15:40:17,762 INFO o.a.j.t.JMeterThread: Thread started: Users Group 1-204
2024-02-21 15:40:17,766 INFO o.a.j.t.JMeterThread: Thread started: Users Group 1-205
2024-02-21 15:40:17,767 INFO o.a.j.t.JMeterThread: Thread started: Users Group 1-206
2024-02-21 15:40:17,770 INFO o.a.j.t.JMeterThread: Thread started: Users Group 1-207
2024-02-21 15:40:17,772 INFO o.a.j.t.JMeterThread: Thread started: Users Group 1-208
2024-02-21 15:40:17,778 INFO o.a.j.t.JMeterThread: Thread started: Users Group 1-209
2024-02-21 15:40:17,781 INFO o.a.j.t.JMeterThread: Thread started: Users Group 1-210
2024-02-21 15:40:17,784 INFO o.a.j.t.JMeterThread: Thread started: Users Group 1-212
2024-02-21 15:40:17,784 INFO o.a.j.t.JMeterThread: Thread started: Users Group 1-211
2024-02-21 15:40:17,787 INFO o.a.j.t.JMeterThread: Thread started: Users Group 1-213
2024-02-21 15:40:17,792 INFO o.a.j.t.JMeterThread: Thread started: Users Group 1-214
2024-02-21 15:40:17,794 INFO o.a.j.t.JMeterThread: Thread started: Users Group 1-215
2024-02-21 15:40:17,796 INFO o.a.j.t.JMeterThread: Thread started: Users Group 1-216
2024-02-21 15:40:17,803 INFO o.a.j.t.JMeterThread: Thread started: Users Group 1-217
2024-02-21 15:40:17,808 INFO o.a.j.t.JMeterThread: Thread started: Users Group 1-219
2024-02-21 15:40:17,802 INFO o.a.j.t.JMeterThread: Thread started: Users Group 1-218
2024-02-21 15:40:17,810 INFO o.a.j.t.JMeterThread: Thread started: Users Group 1-221
2024-02-21 15:40:17,810 INFO o.a.j.t.JMeterThread: Thread started: Users Group 1-220
2024-02-21 15:40:17,817 INFO o.a.j.t.JMeterThread: Thread started: Users Group 1-222
2024-02-21 15:40:17,817 INFO o.a.j.t.JMeterThread: Thread started: Users Group 1-223
2024-02-21 15:40:17,819 INFO o.a.j.t.JMeterThread: Thread started: Users Group 1-224
2024-02-21 15:40:17,821 INFO o.a.j.t.JMeterThread: Thread started: Users Group 1-225
2024-02-21 15:40:17,829 INFO o.a.j.t.JMeterThread: Thread started: Users Group 1-227
2024-02-21 15:40:17,830 INFO o.a.j.t.JMeterThread: Thread started: Users Group 1-226
2024-02-21 15:40:17,836 INFO o.a.j.t.JMeterThread: Thread started: Users Group 1-228
2024-02-21 15:40:17,837 INFO o.a.j.t.JMeterThread: Thread started: Users Group 1-229
2024-02-21 15:40:17,841 INFO o.a.j.t.JMeterThread: Thread started: Users Group 1-230
2024-02-21 15:40:17,842 INFO o.a.j.t.JMeterThread: Thread started: Users Group 1-231
2024-02-21 15:40:17,849 INFO o.a.j.t.JMeterThread: Thread started: Users Group 1-232
2024-02-21 15:40:17,851 INFO o.a.j.t.JMeterThread: Thread started: Users Group 1-233
2024-02-21 15:40:17,854 INFO o.a.j.t.JMeterThread: Thread started: Users Group 1-234
2024-02-21 15:40:17,854 INFO o.a.j.t.JMeterThread: Thread started: Users Group 1-235
2024-02-21 15:40:17,860 INFO o.a.j.t.JMeterThread: Thread started: Users Group 1-236
2024-02-21 15:40:17,863 INFO o.a.j.t.JMeterThread: Thread started: Users Group 1-239
2024-02-21 15:40:17,863 INFO o.a.j.t.JMeterThread: Thread started: Users Group 1-237
2024-02-21 15:40:17,866 INFO o.a.j.t.JMeterThread: Thread started: Users Group 1-238
2024-02-21 15:40:17,869 INFO o.a.j.t.JMeterThread: Thread started: Users Group 1-240
2024-02-21 15:40:17,871 INFO o.a.j.t.JMeterThread: Thread started: Users Group 1-241
2024-02-21 15:40:17,874 INFO o.a.j.t.JMeterThread: Thread started: Users Group 1-242
2024-02-21 15:40:17,879 INFO o.a.j.t.JMeterThread: Thread started: Users Group 1-244
2024-02-21 15:40:17,879 INFO o.a.j.t.JMeterThread: Thread started: Users Group 1-243
2024-02-21 15:40:17,883 INFO o.a.j.t.JMeterThread: Thread started: Users Group 1-246
2024-02-21 15:40:17,885 INFO o.a.j.t.JMeterThread: Thread started: Users Group 1-245
2024-02-21 15:40:17,890 INFO o.a.j.t.JMeterThread: Thread started: Users Group 1-247
2024-02-21 15:40:17,906 INFO o.a.j.t.JMeterThread: Thread started: Users Group 1-254
2024-02-21 15:40:17,903 INFO o.a.j.t.JMeterThread: Thread started: Users Group 1-253
2024-02-21 15:40:17,902 INFO o.a.j.t.JMeterThread: Thread started: Users Group 1-251
2024-02-21 15:40:17,901 INFO o.a.j.t.JMeterThread: Thread started: Users Group 1-252
2024-02-21 15:40:17,895 INFO o.a.j.t.JMeterThread: Thread started: Users Group 1-250
2024-02-21 15:40:17,893 INFO o.a.j.t.JMeterThread: Thread started: Users Group 1-249
2024-02-21 15:40:17,890 INFO o.a.j.t.JMeterThread: Thread started: Users Group 1-248
2024-02-21 15:40:17,913 INFO o.a.j.t.JMeterThread: Thread started: Users Group 1-255
2024-02-21 15:40:17,916 INFO o.a.j.t.JMeterThread: Thread started: Users Group 1-257
2024-02-21 15:40:17,918 INFO o.a.j.t.JMeterThread: Thread started: Users Group 1-256
2024-02-21 15:40:17,922 INFO o.a.j.t.JMeterThread: Thread started: Users Group 1-259
2024-02-21 15:40:17,923 INFO o.a.j.t.JMeterThread: Thread started: Users Group 1-258
2024-02-21 15:40:17,926 INFO o.a.j.t.JMeterThread: Thread started: Users Group 1-260
2024-02-21 15:40:17,928 INFO o.a.j.t.JMeterThread: Thread started: Users Group 1-261
2024-02-21 15:40:17,934 INFO o.a.j.t.JMeterThread: Thread started: Users Group 1-262
2024-02-21 15:40:17,934 INFO o.a.j.t.JMeterThread: Thread started: Users Group 1-263
2024-02-21 15:40:17,937 INFO o.a.j.t.JMeterThread: Thread started: Users Group 1-264
2024-02-21 15:40:17,943 INFO o.a.j.t.JMeterThread: Thread started: Users Group 1-265
2024-02-21 15:40:17,943 INFO o.a.j.t.JMeterThread: Thread started: Users Group 1-266
2024-02-21 15:40:17,949 INFO o.a.j.t.JMeterThread: Thread started: Users Group 1-268
2024-02-21 15:40:17,950 INFO o.a.j.t.JMeterThread: Thread started: Users Group 1-267
2024-02-21 15:40:17,952 INFO o.a.j.t.JMeterThread: Thread started: Users Group 1-269
2024-02-21 15:40:17,958 INFO o.a.j.t.JMeterThread: Thread started: Users Group 1-271
2024-02-21 15:40:17,958 INFO o.a.j.t.JMeterThread: Thread started: Users Group 1-270
2024-02-21 15:40:17,961 INFO o.a.j.t.JMeterThread: Thread started: Users Group 1-272
2024-02-21 15:40:17,967 INFO o.a.j.t.JMeterThread: Thread started: Users Group 1-273
2024-02-21 15:40:17,969 INFO o.a.j.t.JMeterThread: Thread started: Users Group 1-275
2024-02-21 15:40:17,971 INFO o.a.j.t.JMeterThread: Thread started: Users Group 1-274
2024-02-21 15:40:17,973 INFO o.a.j.t.JMeterThread: Thread started: Users Group 1-276
2024-02-21 15:40:17,977 INFO o.a.j.t.JMeterThread: Thread started: Users Group 1-277
2024-02-21 15:40:17,979 INFO o.a.j.t.JMeterThread: Thread started: Users Group 1-278
2024-02-21 15:40:17,984 INFO o.a.j.t.JMeterThread: Thread started: Users Group 1-279
2024-02-21 15:40:17,985 INFO o.a.j.t.JMeterThread: Thread started: Users Group 1-280
2024-02-21 15:40:17,988 INFO o.a.j.t.JMeterThread: Thread started: Users Group 1-281
2024-02-21 15:40:17,995 INFO o.a.j.t.JMeterThread: Thread started: Users Group 1-282
2024-02-21 15:40:17,995 INFO o.a.j.t.JMeterThread: Thread started: Users Group 1-283
2024-02-21 15:40:18,001 INFO o.a.j.t.JMeterThread: Thread started: Users Group 1-284
2024-02-21 15:40:18,004 INFO o.a.j.t.JMeterThread: Thread started: Users Group 1-285
2024-02-21 15:40:18,004 INFO o.a.j.t.JMeterThread: Thread started: Users Group 1-286
2024-02-21 15:40:18,008 INFO o.a.j.t.JMeterThread: Thread started: Users Group 1-287
2024-02-21 15:40:18,011 INFO o.a.j.t.JMeterThread: Thread started: Users Group 1-288
2024-02-21 15:40:18,013 INFO o.a.j.t.JMeterThread: Thread started: Users Group 1-289
2024-02-21 15:40:18,017 INFO o.a.j.t.JMeterThread: Thread started: Users Group 1-290
2024-02-21 15:40:18,022 INFO o.a.j.t.JMeterThread: Thread started: Users Group 1-291
2024-02-21 15:40:18,025 INFO o.a.j.t.JMeterThread: Thread started: Users Group 1-292
2024-02-21 15:40:18,028 INFO o.a.j.t.JMeterThread: Thread started: Users Group 1-293
2024-02-21 15:40:18,031 INFO o.a.j.t.JMeterThread: Thread started: Users Group 1-294
2024-02-21 15:40:18,035 INFO o.a.j.t.JMeterThread: Thread started: Users Group 1-295
2024-02-21 15:40:18,038 INFO o.a.j.t.JMeterThread: Thread started: Users Group 1-296
2024-02-21 15:40:18,039 INFO o.a.j.t.JMeterThread: Thread started: Users Group 1-298
2024-02-21 15:40:18,041 INFO o.a.j.t.JMeterThread: Thread started: Users Group 1-297
2024-02-21 15:40:18,045 INFO o.a.j.t.JMeterThread: Thread started: Users Group 1-299
2024-02-21 15:40:18,048 INFO o.a.j.t.JMeterThread: Thread started: Users Group 1-300
2024-02-21 15:40:18,050 INFO o.a.j.t.JMeterThread: Thread started: Users Group 1-301
2024-02-21 15:40:18,054 INFO o.a.j.t.JMeterThread: Thread started: Users Group 1-303
2024-02-21 15:40:18,055 INFO o.a.j.t.JMeterThread: Thread started: Users Group 1-302
2024-02-21 15:40:18,062 INFO o.a.j.t.JMeterThread: Thread started: Users Group 1-304
2024-02-21 15:40:18,062 INFO o.a.j.t.JMeterThread: Thread started: Users Group 1-305
2024-02-21 15:40:18,063 INFO o.a.j.t.JMeterThread: Thread started: Users Group 1-306
2024-02-21 15:40:18,066 INFO o.a.j.t.JMeterThread: Thread started: Users Group 1-307
2024-02-21 15:40:18,071 INFO o.a.j.t.JMeterThread: Thread started: Users Group 1-308
2024-02-21 15:40:18,071 INFO o.a.j.t.JMeterThread: Thread started: Users Group 1-309
2024-02-21 15:40:18,075 INFO o.a.j.t.JMeterThread: Thread started: Users Group 1-310
2024-02-21 15:40:18,077 INFO o.a.j.t.JMeterThread: Thread started: Users Group 1-311
2024-02-21 15:40:18,080 INFO o.a.j.t.JMeterThread: Thread started: Users Group 1-312
2024-02-21 15:40:18,086 INFO o.a.j.t.JMeterThread: Thread started: Users Group 1-313
2024-02-21 15:40:18,088 INFO o.a.j.t.JMeterThread: Thread started: Users Group 1-314
2024-02-21 15:40:18,090 INFO o.a.j.t.JMeterThread: Thread started: Users Group 1-315
2024-02-21 15:40:18,093 INFO o.a.j.t.JMeterThread: Thread started: Users Group 1-316
2024-02-21 15:40:18,095 INFO o.a.j.t.JMeterThread: Thread started: Users Group 1-317
2024-02-21 15:40:18,102 INFO o.a.j.t.JMeterThread: Thread started: Users Group 1-318
2024-02-21 15:40:18,102 INFO o.a.j.t.JMeterThread: Thread started: Users Group 1-319
2024-02-21 15:40:18,107 INFO o.a.j.t.JMeterThread: Thread started: Users Group 1-320
2024-02-21 15:40:18,110 INFO o.a.j.t.JMeterThread: Thread started: Users Group 1-321
2024-02-21 15:40:18,111 INFO o.a.j.t.JMeterThread: Thread started: Users Group 1-322
2024-02-21 15:40:18,118 INFO o.a.j.t.JMeterThread: Thread started: Users Group 1-324
2024-02-21 15:40:18,118 INFO o.a.j.t.JMeterThread: Thread started: Users Group 1-323
2024-02-21 15:40:18,119 INFO o.a.j.t.JMeterThread: Thread started: Users Group 1-325
2024-02-21 15:40:18,127 INFO o.a.j.t.JMeterThread: Thread started: Users Group 1-326
2024-02-21 15:40:18,128 INFO o.a.j.t.JMeterThread: Thread started: Users Group 1-327
2024-02-21 15:40:18,134 INFO o.a.j.t.JMeterThread: Thread started: Users Group 1-328
2024-02-21 15:40:18,137 INFO o.a.j.t.JMeterThread: Thread started: Users Group 1-329
2024-02-21 15:40:18,140 INFO o.a.j.t.JMeterThread: Thread started: Users Group 1-330
2024-02-21 15:40:18,140 INFO o.a.j.t.JMeterThread: Thread started: Users Group 1-331
2024-02-21 15:40:18,142 INFO o.a.j.t.JMeterThread: Thread started: Users Group 1-332
2024-02-21 15:40:18,145 INFO o.a.j.t.JMeterThread: Thread started: Users Group 1-333
2024-02-21 15:40:18,152 INFO o.a.j.t.JMeterThread: Thread started: Users Group 1-334
2024-02-21 15:40:18,154 INFO o.a.j.t.JMeterThread: Thread started: Users Group 1-336
2024-02-21 15:40:18,154 INFO o.a.j.t.JMeterThread: Thread started: Users Group 1-335
2024-02-21 15:40:18,159 INFO o.a.j.t.JMeterThread: Thread started: Users Group 1-337
2024-02-21 15:40:18,164 INFO o.a.j.t.JMeterThread: Thread started: Users Group 1-338
2024-02-21 15:40:18,167 INFO o.a.j.t.JMeterThread: Thread started: Users Group 1-339
2024-02-21 15:40:18,167 INFO o.a.j.t.JMeterThread: Thread started: Users Group 1-340
2024-02-21 15:40:18,172 INFO o.a.j.t.JMeterThread: Thread started: Users Group 1-341
2024-02-21 15:40:18,172 INFO o.a.j.t.JMeterThread: Thread started: Users Group 1-342
2024-02-21 15:40:18,178 INFO o.a.j.t.JMeterThread: Thread started: Users Group 1-343
2024-02-21 15:40:18,181 INFO o.a.j.t.JMeterThread: Thread started: Users Group 1-344
2024-02-21 15:40:18,182 INFO o.a.j.t.JMeterThread: Thread started: Users Group 1-345
2024-02-21 15:40:18,184 INFO o.a.j.t.JMeterThread: Thread started: Users Group 1-346
2024-02-21 15:40:18,189 INFO o.a.j.t.JMeterThread: Thread started: Users Group 1-347
2024-02-21 15:40:18,193 INFO o.a.j.t.JMeterThread: Thread started: Users Group 1-349
2024-02-21 15:40:18,194 INFO o.a.j.t.JMeterThread: Thread started: Users Group 1-348
2024-02-21 15:40:18,195 INFO o.a.j.t.JMeterThread: Thread started: Users Group 1-350
2024-02-21 15:40:18,197 INFO o.a.j.t.JMeterThread: Thread started: Users Group 1-351
2024-02-21 15:40:18,201 INFO o.a.j.t.JMeterThread: Thread started: Users Group 1-352
2024-02-21 15:40:18,204 INFO o.a.j.t.JMeterThread: Thread started: Users Group 1-353
2024-02-21 15:40:18,209 INFO o.a.j.t.JMeterThread: Thread started: Users Group 1-354
2024-02-21 15:40:18,211 INFO o.a.j.t.JMeterThread: Thread started: Users Group 1-355
2024-02-21 15:40:18,214 INFO o.a.j.t.JMeterThread: Thread started: Users Group 1-356
2024-02-21 15:40:18,218 INFO o.a.j.t.JMeterThread: Thread started: Users Group 1-357
2024-02-21 15:40:18,226 INFO o.a.j.t.JMeterThread: Thread started: Users Group 1-358
2024-02-21 15:40:18,226 INFO o.a.j.t.JMeterThread: Thread started: Users Group 1-359
2024-02-21 15:40:18,227 INFO o.a.j.t.JMeterThread: Thread started: Users Group 1-360
2024-02-21 15:40:18,232 INFO o.a.j.t.JMeterThread: Thread started: Users Group 1-361
2024-02-21 15:40:18,234 INFO o.a.j.t.JMeterThread: Thread started: Users Group 1-362
2024-02-21 15:40:18,237 INFO o.a.j.t.JMeterThread: Thread started: Users Group 1-363
2024-02-21 15:40:18,241 INFO o.a.j.t.JMeterThread: Thread started: Users Group 1-364
2024-02-21 15:40:18,245 INFO o.a.j.t.JMeterThread: Thread started: Users Group 1-365
2024-02-21 15:40:18,246 INFO o.a.j.t.JMeterThread: Thread started: Users Group 1-367
2024-02-21 15:40:18,248 INFO o.a.j.t.JMeterThread: Thread started: Users Group 1-366
2024-02-21 15:40:18,253 INFO o.a.j.t.JMeterThread: Thread started: Users Group 1-368
2024-02-21 15:40:18,256 INFO o.a.j.t.JMeterThread: Thread started: Users Group 1-369
2024-02-21 15:40:18,258 INFO o.a.j.t.JMeterThread: Thread started: Users Group 1-370
2024-02-21 15:40:18,261 INFO o.a.j.t.JMeterThread: Thread started: Users Group 1-371
2024-02-21 15:40:18,264 INFO o.a.j.t.JMeterThread: Thread started: Users Group 1-372
2024-02-21 15:40:18,269 INFO o.a.j.t.JMeterThread: Thread started: Users Group 1-373
2024-02-21 15:40:18,274 INFO o.a.j.t.JMeterThread: Thread started: Users Group 1-374
2024-02-21 15:40:18,274 INFO o.a.j.t.JMeterThread: Thread started: Users Group 1-375
2024-02-21 15:40:18,276 INFO o.a.j.t.JMeterThread: Thread started: Users Group 1-376
2024-02-21 15:40:18,280 INFO o.a.j.t.JMeterThread: Thread started: Users Group 1-378
2024-02-21 15:40:18,281 INFO o.a.j.t.JMeterThread: Thread started: Users Group 1-377
2024-02-21 15:40:18,286 INFO o.a.j.t.JMeterThread: Thread started: Users Group 1-380
2024-02-21 15:40:18,287 INFO o.a.j.t.JMeterThread: Thread started: Users Group 1-379
2024-02-21 15:40:18,290 INFO o.a.j.t.JMeterThread: Thread started: Users Group 1-381
2024-02-21 15:40:18,294 INFO o.a.j.t.JMeterThread: Thread started: Users Group 1-383
2024-02-21 15:40:18,297 INFO o.a.j.t.JMeterThread: Thread started: Users Group 1-382
2024-02-21 15:40:18,298 INFO o.a.j.t.JMeterThread: Thread started: Users Group 1-384
2024-02-21 15:40:18,302 INFO o.a.j.t.JMeterThread: Thread started: Users Group 1-385
2024-02-21 15:40:18,308 INFO o.a.j.t.JMeterThread: Thread started: Users Group 1-386
2024-02-21 15:40:18,309 INFO o.a.j.t.JMeterThread: Thread started: Users Group 1-387
2024-02-21 15:40:18,311 INFO o.a.j.t.JMeterThread: Thread started: Users Group 1-388
2024-02-21 15:40:18,312 INFO o.a.j.t.JMeterThread: Thread started: Users Group 1-389
2024-02-21 15:40:18,314 INFO o.a.j.t.JMeterThread: Thread started: Users Group 1-390
2024-02-21 15:40:18,319 INFO o.a.j.t.JMeterThread: Thread started: Users Group 1-391
2024-02-21 15:40:18,323 INFO o.a.j.t.JMeterThread: Thread started: Users Group 1-392
2024-02-21 15:40:18,337 INFO o.a.j.t.JMeterThread: Thread started: Users Group 1-394
2024-02-21 15:40:18,337 INFO o.a.j.t.JMeterThread: Thread started: Users Group 1-393
2024-02-21 15:40:18,337 INFO o.a.j.t.JMeterThread: Thread started: Users Group 1-395
2024-02-21 15:40:18,338 INFO o.a.j.t.JMeterThread: Thread started: Users Group 1-397
2024-02-21 15:40:18,338 INFO o.a.j.t.JMeterThread: Thread started: Users Group 1-396
2024-02-21 15:40:18,344 INFO o.a.j.t.JMeterThread: Thread started: Users Group 1-398
2024-02-21 15:40:18,346 INFO o.a.j.t.JMeterThread: Thread started: Users Group 1-399
2024-02-21 15:40:18,351 INFO o.a.j.t.JMeterThread: Thread started: Users Group 1-400
2024-02-21 15:40:18,353 INFO o.a.j.t.JMeterThread: Thread started: Users Group 1-402
2024-02-21 15:40:18,354 INFO o.a.j.t.JMeterThread: Thread started: Users Group 1-401
2024-02-21 15:40:18,358 INFO o.a.j.t.JMeterThread: Thread started: Users Group 1-403
2024-02-21 15:40:18,360 INFO o.a.j.t.JMeterThread: Thread started: Users Group 1-405
2024-02-21 15:40:18,362 INFO o.a.j.t.JMeterThread: Thread started: Users Group 1-404
2024-02-21 15:40:18,367 INFO o.a.j.t.JMeterThread: Thread started: Users Group 1-407
2024-02-21 15:40:18,368 INFO o.a.j.t.JMeterThread: Thread started: Users Group 1-406
2024-02-21 15:40:18,370 INFO o.a.j.t.JMeterThread: Thread started: Users Group 1-408
2024-02-21 15:40:18,376 INFO o.a.j.t.JMeterThread: Thread started: Users Group 1-409
2024-02-21 15:40:18,380 INFO o.a.j.t.JMeterThread: Thread started: Users Group 1-410
2024-02-21 15:40:18,381 INFO o.a.j.t.JMeterThread: Thread started: Users Group 1-411
2024-02-21 15:40:18,382 INFO o.a.j.t.JMeterThread: Thread started: Users Group 1-412
2024-02-21 15:40:18,389 INFO o.a.j.t.JMeterThread: Thread started: Users Group 1-413
2024-02-21 15:40:18,390 INFO o.a.j.t.JMeterThread: Thread started: Users Group 1-414
2024-02-21 15:40:18,391 INFO o.a.j.t.JMeterThread: Thread started: Users Group 1-415
2024-02-21 15:40:18,395 INFO o.a.j.t.JMeterThread: Thread started: Users Group 1-416
2024-02-21 15:40:18,398 INFO o.a.j.t.JMeterThread: Thread started: Users Group 1-417
2024-02-21 15:40:18,405 INFO o.a.j.t.JMeterThread: Thread started: Users Group 1-418
2024-02-21 15:40:18,404 INFO o.a.j.t.JMeterThread: Thread started: Users Group 1-419
2024-02-21 15:40:18,406 INFO o.a.j.t.JMeterThread: Thread started: Users Group 1-420
2024-02-21 15:40:18,410 INFO o.a.j.t.JMeterThread: Thread started: Users Group 1-421
2024-02-21 15:40:18,416 INFO o.a.j.t.JMeterThread: Thread started: Users Group 1-422
2024-02-21 15:40:18,420 INFO o.a.j.t.JMeterThread: Thread started: Users Group 1-423
2024-02-21 15:40:18,423 INFO o.a.j.t.JMeterThread: Thread started: Users Group 1-424
2024-02-21 15:40:18,426 INFO o.a.j.t.JMeterThread: Thread started: Users Group 1-425
2024-02-21 15:40:18,427 INFO o.a.j.t.JMeterThread: Thread started: Users Group 1-426
2024-02-21 15:40:18,436 INFO o.a.j.t.JMeterThread: Thread started: Users Group 1-427
2024-02-21 15:40:18,439 INFO o.a.j.t.JMeterThread: Thread started: Users Group 1-430
2024-02-21 15:40:18,439 INFO o.a.j.t.JMeterThread: Thread started: Users Group 1-428
2024-02-21 15:40:18,443 INFO o.a.j.t.JMeterThread: Thread started: Users Group 1-429
2024-02-21 15:40:18,444 INFO o.a.j.t.JMeterThread: Thread started: Users Group 1-431
2024-02-21 15:40:18,444 INFO o.a.j.t.JMeterThread: Thread started: Users Group 1-432
2024-02-21 15:40:18,451 INFO o.a.j.t.JMeterThread: Thread started: Users Group 1-433
2024-02-21 15:40:18,452 INFO o.a.j.t.JMeterThread: Thread started: Users Group 1-435
2024-02-21 15:40:18,454 INFO o.a.j.t.JMeterThread: Thread started: Users Group 1-434
2024-02-21 15:40:18,458 INFO o.a.j.t.JMeterThread: Thread started: Users Group 1-436
2024-02-21 15:40:18,461 INFO o.a.j.t.JMeterThread: Thread started: Users Group 1-437
2024-02-21 15:40:18,463 INFO o.a.j.t.JMeterThread: Thread started: Users Group 1-438
2024-02-21 15:40:18,466 INFO o.a.j.t.JMeterThread: Thread started: Users Group 1-439
2024-02-21 15:40:18,467 INFO o.a.j.t.JMeterThread: Thread started: Users Group 1-440
2024-02-21 15:40:18,472 INFO o.a.j.t.JMeterThread: Thread started: Users Group 1-442
2024-02-21 15:40:18,474 INFO o.a.j.t.JMeterThread: Thread started: Users Group 1-441
2024-02-21 15:40:18,477 INFO o.a.j.t.JMeterThread: Thread started: Users Group 1-444
2024-02-21 15:40:18,479 INFO o.a.j.t.JMeterThread: Thread started: Users Group 1-443
2024-02-21 15:40:18,480 INFO o.a.j.t.JMeterThread: Thread started: Users Group 1-445
2024-02-21 15:40:18,484 INFO o.a.j.t.JMeterThread: Thread started: Users Group 1-446
2024-02-21 15:40:18,487 INFO o.a.j.t.JMeterThread: Thread started: Users Group 1-447
2024-02-21 15:40:18,493 INFO o.a.j.t.JMeterThread: Thread started: Users Group 1-448
2024-02-21 15:40:18,496 INFO o.a.j.t.JMeterThread: Thread started: Users Group 1-450
2024-02-21 15:40:18,498 INFO o.a.j.t.JMeterThread: Thread started: Users Group 1-449
2024-02-21 15:40:18,502 INFO o.a.j.t.JMeterThread: Thread started: Users Group 1-451
2024-02-21 15:40:18,505 INFO o.a.j.t.JMeterThread: Thread started: Users Group 1-452
2024-02-21 15:40:18,505 INFO o.a.j.t.JMeterThread: Thread started: Users Group 1-453
2024-02-21 15:40:18,512 INFO o.a.j.t.JMeterThread: Thread started: Users Group 1-455
2024-02-21 15:40:18,512 INFO o.a.j.t.JMeterThread: Thread started: Users Group 1-454
2024-02-21 15:40:18,519 INFO o.a.j.t.JMeterThread: Thread started: Users Group 1-456
2024-02-21 15:40:18,522 INFO o.a.j.t.JMeterThread: Thread started: Users Group 1-458
2024-02-21 15:40:18,522 INFO o.a.j.t.JMeterThread: Thread started: Users Group 1-457
2024-02-21 15:40:18,524 INFO o.a.j.t.JMeterThread: Thread started: Users Group 1-459
2024-02-21 15:40:18,525 INFO o.a.j.t.JMeterThread: Thread started: Users Group 1-460
2024-02-21 15:40:18,527 INFO o.a.j.t.JMeterThread: Thread started: Users Group 1-461
2024-02-21 15:40:18,534 INFO o.a.j.t.JMeterThread: Thread started: Users Group 1-462
2024-02-21 15:40:18,541 INFO o.a.j.t.JMeterThread: Thread started: Users Group 1-463
2024-02-21 15:40:18,543 INFO o.a.j.t.JMeterThread: Thread started: Users Group 1-464
2024-02-21 15:40:18,544 INFO o.a.j.t.JMeterThread: Thread started: Users Group 1-466
2024-02-21 15:40:18,545 INFO o.a.j.t.JMeterThread: Thread started: Users Group 1-465
2024-02-21 15:40:18,551 INFO o.a.j.t.JMeterThread: Thread started: Users Group 1-467
2024-02-21 15:40:18,554 INFO o.a.j.t.JMeterThread: Thread started: Users Group 1-468
2024-02-21 15:40:18,557 INFO o.a.j.t.JMeterThread: Thread started: Users Group 1-469
2024-02-21 15:40:18,559 INFO o.a.j.t.JMeterThread: Thread started: Users Group 1-470
2024-02-21 15:40:18,564 INFO o.a.j.t.JMeterThread: Thread started: Users Group 1-471
2024-02-21 15:40:18,564 INFO o.a.j.t.JMeterThread: Thread started: Users Group 1-472
2024-02-21 15:40:18,568 INFO o.a.j.t.JMeterThread: Thread started: Users Group 1-474
2024-02-21 15:40:18,568 INFO o.a.j.t.JMeterThread: Thread started: Users Group 1-473
2024-02-21 15:40:18,570 INFO o.a.j.t.JMeterThread: Thread started: Users Group 1-475
2024-02-21 15:40:18,577 INFO o.a.j.t.JMeterThread: Thread started: Users Group 1-476
2024-02-21 15:40:18,580 INFO o.a.j.t.JMeterThread: Thread started: Users Group 1-477
2024-02-21 15:40:18,584 INFO o.a.j.t.JMeterThread: Thread started: Users Group 1-478
2024-02-21 15:40:18,584 INFO o.a.j.t.JMeterThread: Thread started: Users Group 1-479
2024-02-21 15:40:18,589 INFO o.a.j.t.JMeterThread: Thread started: Users Group 1-480
2024-02-21 15:40:18,591 INFO o.a.j.t.JMeterThread: Thread started: Users Group 1-482
2024-02-21 15:40:18,591 INFO o.a.j.t.JMeterThread: Thread started: Users Group 1-481
2024-02-21 15:40:18,595 INFO o.a.j.t.JMeterThread: Thread started: Users Group 1-483
2024-02-21 15:40:18,599 INFO o.a.j.t.JMeterThread: Thread started: Users Group 1-484
2024-02-21 15:40:18,604 INFO o.a.j.t.JMeterThread: Thread started: Users Group 1-485
2024-02-21 15:40:18,608 INFO o.a.j.t.JMeterThread: Thread started: Users Group 1-486
2024-02-21 15:40:18,608 INFO o.a.j.t.JMeterThread: Thread started: Users Group 1-487
2024-02-21 15:40:18,612 INFO o.a.j.t.JMeterThread: Thread started: Users Group 1-488
2024-02-21 15:40:18,616 INFO o.a.j.t.JMeterThread: Thread started: Users Group 1-489
2024-02-21 15:40:18,619 INFO o.a.j.t.JMeterThread: Thread started: Users Group 1-490
2024-02-21 15:40:18,620 INFO o.a.j.t.JMeterThread: Thread started: Users Group 1-491
2024-02-21 15:40:18,627 INFO o.a.j.t.JMeterThread: Thread started: Users Group 1-492
2024-02-21 15:40:18,629 INFO o.a.j.t.JMeterThread: Thread started: Users Group 1-493
2024-02-21 15:40:18,630 INFO o.a.j.t.JMeterThread: Thread started: Users Group 1-494
2024-02-21 15:40:18,634 INFO o.a.j.t.JMeterThread: Thread started: Users Group 1-496
2024-02-21 15:40:18,634 INFO o.a.j.t.JMeterThread: Thread started: Users Group 1-495
2024-02-21 15:40:18,640 INFO o.a.j.t.JMeterThread: Thread started: Users Group 1-498
2024-02-21 15:40:18,643 INFO o.a.j.t.JMeterThread: Thread started: Users Group 1-497
2024-02-21 15:40:18,647 INFO o.a.j.t.JMeterThread: Thread started: Users Group 1-499
2024-02-21 15:40:18,649 INFO o.a.j.t.JMeterThread: Thread started: Users Group 1-500
2024-02-21 15:40:18,649 INFO o.a.j.t.JMeterThread: Thread started: Users Group 1-501
2024-02-21 15:40:18,658 INFO o.a.j.t.JMeterThread: Thread started: Users Group 1-504
2024-02-21 15:40:18,661 INFO o.a.j.t.JMeterThread: Thread started: Users Group 1-503
2024-02-21 15:40:18,664 INFO o.a.j.t.JMeterThread: Thread started: Users Group 1-506
2024-02-21 15:40:18,664 INFO o.a.j.t.JMeterThread: Thread started: Users Group 1-505
2024-02-21 15:40:18,666 INFO o.a.j.t.JMeterThread: Thread started: Users Group 1-507
2024-02-21 15:40:18,685 INFO o.a.j.t.JMeterThread: Thread started: Users Group 1-513
2024-02-21 15:40:18,655 INFO o.a.j.t.JMeterThread: Thread started: Users Group 1-502
2024-02-21 15:40:18,694 INFO o.a.j.t.JMeterThread: Thread started: Users Group 1-512
2024-02-21 15:40:18,695 INFO o.a.j.t.JMeterThread: Thread started: Users Group 1-511
2024-02-21 15:40:18,696 INFO o.a.j.t.JMeterThread: Thread started: Users Group 1-508
2024-02-21 15:40:18,697 INFO o.a.j.t.JMeterThread: Thread started: Users Group 1-515
2024-02-21 15:40:18,698 INFO o.a.j.t.JMeterThread: Thread started: Users Group 1-509
2024-02-21 15:40:18,696 INFO o.a.j.t.JMeterThread: Thread started: Users Group 1-510
2024-02-21 15:40:18,699 INFO o.a.j.t.JMeterThread: Thread started: Users Group 1-516
2024-02-21 15:40:18,700 INFO o.a.j.t.JMeterThread: Thread started: Users Group 1-517
2024-02-21 15:40:18,706 INFO o.a.j.t.JMeterThread: Thread started: Users Group 1-518
2024-02-21 15:40:18,709 INFO o.a.j.t.JMeterThread: Thread started: Users Group 1-519
2024-02-21 15:40:18,712 INFO o.a.j.t.JMeterThread: Thread started: Users Group 1-520
2024-02-21 15:40:18,714 INFO o.a.j.t.JMeterThread: Thread started: Users Group 1-521
2024-02-21 15:40:18,715 INFO o.a.j.t.JMeterThread: Thread started: Users Group 1-522
2024-02-21 15:40:18,722 INFO o.a.j.t.JMeterThread: Thread started: Users Group 1-523
2024-02-21 15:40:18,723 INFO o.a.j.t.JMeterThread: Thread started: Users Group 1-524
2024-02-21 15:40:18,723 INFO o.a.j.t.JMeterThread: Thread started: Users Group 1-525
2024-02-21 15:40:18,729 INFO o.a.j.t.JMeterThread: Thread started: Users Group 1-526
2024-02-21 15:40:18,732 INFO o.a.j.t.JMeterThread: Thread started: Users Group 1-528
2024-02-21 15:40:18,733 INFO o.a.j.t.JMeterThread: Thread started: Users Group 1-527
2024-02-21 15:40:18,692 INFO o.a.j.t.JMeterThread: Thread started: Users Group 1-514
2024-02-21 15:40:18,738 INFO o.a.j.t.JMeterThread: Thread started: Users Group 1-529
2024-02-21 15:40:18,742 INFO o.a.j.t.JMeterThread: Thread started: Users Group 1-530
2024-02-21 15:40:18,743 INFO o.a.j.t.JMeterThread: Thread started: Users Group 1-531
2024-02-21 15:40:18,750 INFO o.a.j.t.JMeterThread: Thread started: Users Group 1-533
2024-02-21 15:40:18,754 INFO o.a.j.t.JMeterThread: Thread started: Users Group 1-535
2024-02-21 15:40:18,746 INFO o.a.j.t.JMeterThread: Thread started: Users Group 1-532
2024-02-21 15:40:18,748 INFO o.a.j.t.JMeterThread: Thread started: Users Group 1-534
2024-02-21 15:40:18,757 INFO o.a.j.t.JMeterThread: Thread started: Users Group 1-536
2024-02-21 15:40:18,762 INFO o.a.j.t.JMeterThread: Thread started: Users Group 1-537
2024-02-21 15:40:18,766 INFO o.a.j.t.JMeterThread: Thread started: Users Group 1-538
2024-02-21 15:40:18,770 INFO o.a.j.t.JMeterThread: Thread started: Users Group 1-539
2024-02-21 15:40:18,772 INFO o.a.j.t.JMeterThread: Thread started: Users Group 1-540
2024-02-21 15:40:18,772 INFO o.a.j.t.JMeterThread: Thread started: Users Group 1-541
2024-02-21 15:40:18,777 INFO o.a.j.t.JMeterThread: Thread started: Users Group 1-542
2024-02-21 15:40:18,780 INFO o.a.j.t.JMeterThread: Thread started: Users Group 1-543
2024-02-21 15:40:18,785 INFO o.a.j.t.JMeterThread: Thread started: Users Group 1-544
2024-02-21 15:40:18,786 INFO o.a.j.t.JMeterThread: Thread started: Users Group 1-546
2024-02-21 15:40:18,786 INFO o.a.j.t.JMeterThread: Thread started: Users Group 1-545
2024-02-21 15:40:18,789 INFO o.a.j.t.JMeterThread: Thread started: Users Group 1-547
2024-02-21 15:40:18,793 INFO o.a.j.t.JMeterThread: Thread started: Users Group 1-548
2024-02-21 15:40:18,796 INFO o.a.j.t.JMeterThread: Thread started: Users Group 1-549
2024-02-21 15:40:18,800 INFO o.a.j.t.JMeterThread: Thread started: Users Group 1-550
2024-02-21 15:40:18,803 INFO o.a.j.t.JMeterThread: Thread started: Users Group 1-551
2024-02-21 15:40:18,807 INFO o.a.j.t.JMeterThread: Thread started: Users Group 1-553
2024-02-21 15:40:18,807 INFO o.a.j.t.JMeterThread: Thread started: Users Group 1-552
2024-02-21 15:40:18,812 INFO o.a.j.t.JMeterThread: Thread started: Users Group 1-554
2024-02-21 15:40:18,815 INFO o.a.j.t.JMeterThread: Thread started: Users Group 1-555
2024-02-21 15:40:18,815 INFO o.a.j.t.JMeterThread: Thread started: Users Group 1-556
2024-02-21 15:40:18,820 INFO o.a.j.t.JMeterThread: Thread started: Users Group 1-557
2024-02-21 15:40:18,823 INFO o.a.j.t.JMeterThread: Thread started: Users Group 1-558
2024-02-21 15:40:18,826 INFO o.a.j.t.JMeterThread: Thread started: Users Group 1-559
2024-02-21 15:40:18,827 INFO o.a.j.t.JMeterThread: Thread started: Users Group 1-560
2024-02-21 15:40:18,827 INFO o.a.j.t.JMeterThread: Thread started: Users Group 1-561
2024-02-21 15:40:18,831 INFO o.a.j.t.JMeterThread: Thread started: Users Group 1-562
2024-02-21 15:40:18,838 INFO o.a.j.t.JMeterThread: Thread started: Users Group 1-563
2024-02-21 15:40:18,841 INFO o.a.j.t.JMeterThread: Thread started: Users Group 1-564
2024-02-21 15:40:18,844 INFO o.a.j.t.JMeterThread: Thread started: Users Group 1-565
2024-02-21 15:40:18,851 INFO o.a.j.t.JMeterThread: Thread started: Users Group 1-567
2024-02-21 15:40:18,855 INFO o.a.j.t.JMeterThread: Thread started: Users Group 1-568
2024-02-21 15:40:18,858 INFO o.a.j.t.JMeterThread: Thread started: Users Group 1-569
2024-02-21 15:40:18,860 INFO o.a.j.t.JMeterThread: Thread started: Users Group 1-570
2024-02-21 15:40:18,862 INFO o.a.j.t.JMeterThread: Thread started: Users Group 1-571
2024-02-21 15:40:18,867 INFO o.a.j.t.JMeterThread: Thread started: Users Group 1-572
2024-02-21 15:40:18,868 INFO o.a.j.t.JMeterThread: Thread started: Users Group 1-573
2024-02-21 15:40:18,844 INFO o.a.j.t.JMeterThread: Thread started: Users Group 1-566
2024-02-21 15:40:18,871 INFO o.a.j.t.JMeterThread: Thread started: Users Group 1-574
2024-02-21 15:40:18,871 INFO o.a.j.t.JMeterThread: Thread started: Users Group 1-575
2024-02-21 15:40:18,877 INFO o.a.j.t.JMeterThread: Thread started: Users Group 1-576
2024-02-21 15:40:18,877 INFO o.a.j.t.JMeterThread: Thread started: Users Group 1-577
2024-02-21 15:40:18,885 INFO o.a.j.t.JMeterThread: Thread started: Users Group 1-578
2024-02-21 15:40:18,885 INFO o.a.j.t.JMeterThread: Thread started: Users Group 1-580
2024-02-21 15:40:18,887 INFO o.a.j.t.JMeterThread: Thread started: Users Group 1-579
2024-02-21 15:40:18,893 INFO o.a.j.t.JMeterThread: Thread started: Users Group 1-581
2024-02-21 15:40:18,895 INFO o.a.j.t.JMeterThread: Thread started: Users Group 1-583
2024-02-21 15:40:18,897 INFO o.a.j.t.JMeterThread: Thread started: Users Group 1-582
2024-02-21 15:40:18,899 INFO o.a.j.t.JMeterThread: Thread started: Users Group 1-584
2024-02-21 15:40:18,901 INFO o.a.j.t.JMeterThread: Thread started: Users Group 1-585
2024-02-21 15:40:18,907 INFO o.a.j.t.JMeterThread: Thread started: Users Group 1-587
2024-02-21 15:40:18,910 INFO o.a.j.t.JMeterThread: Thread started: Users Group 1-586
2024-02-21 15:40:18,914 INFO o.a.j.t.JMeterThread: Thread started: Users Group 1-588
2024-02-21 15:40:18,914 INFO o.a.j.t.JMeterThread: Thread started: Users Group 1-589
2024-02-21 15:40:18,915 INFO o.a.j.t.JMeterThread: Thread started: Users Group 1-590
2024-02-21 15:40:18,918 INFO o.a.j.t.JMeterThread: Thread started: Users Group 1-591
2024-02-21 15:40:18,926 INFO o.a.j.t.JMeterThread: Thread started: Users Group 1-594
2024-02-21 15:40:18,926 INFO o.a.j.t.JMeterThread: Thread started: Users Group 1-592
2024-02-21 15:40:18,929 INFO o.a.j.t.JMeterThread: Thread started: Users Group 1-593
2024-02-21 15:40:18,934 INFO o.a.j.t.JMeterThread: Thread started: Users Group 1-596
2024-02-21 15:40:18,934 INFO o.a.j.t.JMeterThread: Thread started: Users Group 1-595
2024-02-21 15:40:18,940 INFO o.a.j.t.JMeterThread: Thread started: Users Group 1-598
2024-02-21 15:40:18,940 INFO o.a.j.t.JMeterThread: Thread started: Users Group 1-597
2024-02-21 15:40:18,947 INFO o.a.j.t.JMeterThread: Thread started: Users Group 1-599
2024-02-21 15:40:18,949 INFO o.a.j.t.JMeterThread: Thread started: Users Group 1-600
2024-02-21 15:40:18,951 INFO o.a.j.t.JMeterThread: Thread started: Users Group 1-601
2024-02-21 15:40:18,954 INFO o.a.j.t.JMeterThread: Thread started: Users Group 1-603
2024-02-21 15:40:18,955 INFO o.a.j.t.JMeterThread: Thread started: Users Group 1-602
2024-02-21 15:40:18,957 INFO o.a.j.t.JMeterThread: Thread started: Users Group 1-604
2024-02-21 15:40:18,965 INFO o.a.j.t.JMeterThread: Thread started: Users Group 1-605
2024-02-21 15:40:18,966 INFO o.a.j.t.JMeterThread: Thread started: Users Group 1-606
2024-02-21 15:40:18,969 INFO o.a.j.t.JMeterThread: Thread started: Users Group 1-607
2024-02-21 15:40:18,974 INFO o.a.j.t.JMeterThread: Thread started: Users Group 1-608
2024-02-21 15:40:18,976 INFO o.a.j.t.JMeterThread: Thread started: Users Group 1-610
2024-02-21 15:40:18,976 INFO o.a.j.t.JMeterThread: Thread started: Users Group 1-609
2024-02-21 15:40:18,983 INFO o.a.j.t.JMeterThread: Thread started: Users Group 1-611
2024-02-21 15:40:18,984 INFO o.a.j.t.JMeterThread: Thread started: Users Group 1-612
2024-02-21 15:40:18,986 INFO o.a.j.t.JMeterThread: Thread started: Users Group 1-613
2024-02-21 15:40:18,991 INFO o.a.j.t.JMeterThread: Thread started: Users Group 1-614
2024-02-21 15:40:18,994 INFO o.a.j.t.JMeterThread: Thread started: Users Group 1-615
2024-02-21 15:40:18,996 INFO o.a.j.t.JMeterThread: Thread started: Users Group 1-616
2024-02-21 15:40:19,003 INFO o.a.j.t.JMeterThread: Thread started: Users Group 1-617
2024-02-21 15:40:19,005 INFO o.a.j.t.JMeterThread: Thread started: Users Group 1-618
2024-02-21 15:40:19,008 INFO o.a.j.t.JMeterThread: Thread started: Users Group 1-619
2024-02-21 15:40:19,009 INFO o.a.j.t.JMeterThread: Thread started: Users Group 1-620
2024-02-21 15:40:19,014 INFO o.a.j.t.JMeterThread: Thread started: Users Group 1-622
2024-02-21 15:40:19,014 INFO o.a.j.t.JMeterThread: Thread started: Users Group 1-621
2024-02-21 15:40:19,017 INFO o.a.j.t.JMeterThread: Thread started: Users Group 1-623
2024-02-21 15:40:19,023 INFO o.a.j.t.JMeterThread: Thread started: Users Group 1-624
2024-02-21 15:40:19,027 INFO o.a.j.t.JMeterThread: Thread started: Users Group 1-625
2024-02-21 15:40:19,030 INFO o.a.j.t.JMeterThread: Thread started: Users Group 1-626
2024-02-21 15:40:19,032 INFO o.a.j.t.JMeterThread: Thread started: Users Group 1-627
2024-02-21 15:40:19,034 INFO o.a.j.t.JMeterThread: Thread started: Users Group 1-628
2024-02-21 15:40:19,038 INFO o.a.j.t.JMeterThread: Thread started: Users Group 1-629
2024-02-21 15:40:19,044 INFO o.a.j.t.JMeterThread: Thread started: Users Group 1-630
2024-02-21 15:40:19,048 INFO o.a.j.t.JMeterThread: Thread started: Users Group 1-633
2024-02-21 15:40:19,049 INFO o.a.j.t.JMeterThread: Thread started: Users Group 1-631
2024-02-21 15:40:19,047 INFO o.a.j.t.JMeterThread: Thread started: Users Group 1-634
2024-02-21 15:40:19,050 INFO o.a.j.t.JMeterThread: Thread started: Users Group 1-632
2024-02-21 15:40:19,070 INFO o.a.j.t.JMeterThread: Thread started: Users Group 1-640
2024-02-21 15:40:19,058 INFO o.a.j.t.JMeterThread: Thread started: Users Group 1-635
2024-02-21 15:40:19,058 INFO o.a.j.t.JMeterThread: Thread started: Users Group 1-636
2024-02-21 15:40:19,059 INFO o.a.j.t.JMeterThread: Thread started: Users Group 1-637
2024-02-21 15:40:19,076 INFO o.a.j.t.JMeterThread: Thread started: Users Group 1-642
2024-02-21 15:40:19,064 INFO o.a.j.t.JMeterThread: Thread started: Users Group 1-638
2024-02-21 15:40:19,074 INFO o.a.j.t.JMeterThread: Thread started: Users Group 1-641
2024-02-21 15:40:19,064 INFO o.a.j.t.JMeterThread: Thread started: Users Group 1-639
2024-02-21 15:40:19,078 INFO o.a.j.t.JMeterThread: Thread started: Users Group 1-643
2024-02-21 15:40:19,081 INFO o.a.j.t.JMeterThread: Thread started: Users Group 1-645
2024-02-21 15:40:19,083 INFO o.a.j.t.JMeterThread: Thread started: Users Group 1-644
2024-02-21 15:40:19,090 INFO o.a.j.t.JMeterThread: Thread started: Users Group 1-646
2024-02-21 15:40:19,092 INFO o.a.j.t.JMeterThread: Thread started: Users Group 1-647
2024-02-21 15:40:19,093 INFO o.a.j.t.JMeterThread: Thread started: Users Group 1-648
2024-02-21 15:40:19,097 INFO o.a.j.t.JMeterThread: Thread started: Users Group 1-650
2024-02-21 15:40:19,097 INFO o.a.j.t.JMeterThread: Thread started: Users Group 1-649
2024-02-21 15:40:19,104 INFO o.a.j.t.JMeterThread: Thread started: Users Group 1-652
2024-02-21 15:40:19,105 INFO o.a.j.t.JMeterThread: Thread started: Users Group 1-651
2024-02-21 15:40:19,107 INFO o.a.j.t.JMeterThread: Thread started: Users Group 1-653
2024-02-21 15:40:19,112 INFO o.a.j.t.JMeterThread: Thread started: Users Group 1-655
2024-02-21 15:40:19,113 INFO o.a.j.t.JMeterThread: Thread started: Users Group 1-654
2024-02-21 15:40:19,119 INFO o.a.j.t.JMeterThread: Thread started: Users Group 1-656
2024-02-21 15:40:19,123 INFO o.a.j.t.JMeterThread: Thread started: Users Group 1-658
2024-02-21 15:40:19,123 INFO o.a.j.t.JMeterThread: Thread started: Users Group 1-657
2024-02-21 15:40:19,126 INFO o.a.j.t.JMeterThread: Thread started: Users Group 1-659
2024-02-21 15:40:19,126 INFO o.a.j.t.JMeterThread: Thread started: Users Group 1-660
2024-02-21 15:40:19,129 INFO o.a.j.t.JMeterThread: Thread started: Users Group 1-661
2024-02-21 15:40:19,136 INFO o.a.j.t.JMeterThread: Thread started: Users Group 1-663
2024-02-21 15:40:19,137 INFO o.a.j.t.JMeterThread: Thread started: Users Group 1-662
2024-02-21 15:40:19,139 INFO o.a.j.t.JMeterThread: Thread started: Users Group 1-664
2024-02-21 15:40:19,142 INFO o.a.j.t.JMeterThread: Thread started: Users Group 1-665
2024-02-21 15:40:19,148 INFO o.a.j.t.JMeterThread: Thread started: Users Group 1-666
2024-02-21 15:40:19,149 INFO o.a.j.t.JMeterThread: Thread started: Users Group 1-667
2024-02-21 15:40:19,154 INFO o.a.j.t.JMeterThread: Thread started: Users Group 1-668
2024-02-21 15:40:19,155 INFO o.a.j.t.JMeterThread: Thread started: Users Group 1-670
2024-02-21 15:40:19,156 INFO o.a.j.t.JMeterThread: Thread started: Users Group 1-669
2024-02-21 15:40:19,160 INFO o.a.j.t.JMeterThread: Thread started: Users Group 1-671
2024-02-21 15:40:19,163 INFO o.a.j.t.JMeterThread: Thread started: Users Group 1-672
2024-02-21 15:40:19,168 INFO o.a.j.t.JMeterThread: Thread started: Users Group 1-673
2024-02-21 15:40:19,168 INFO o.a.j.t.JMeterThread: Thread started: Users Group 1-674
2024-02-21 15:40:19,169 INFO o.a.j.t.JMeterThread: Thread started: Users Group 1-675
2024-02-21 15:40:19,177 INFO o.a.j.t.JMeterThread: Thread started: Users Group 1-677
2024-02-21 15:40:19,177 INFO o.a.j.t.JMeterThread: Thread started: Users Group 1-676
2024-02-21 15:40:19,185 INFO o.a.j.t.JMeterThread: Thread started: Users Group 1-678
2024-02-21 15:40:19,188 INFO o.a.j.t.JMeterThread: Thread started: Users Group 1-680
2024-02-21 15:40:19,188 INFO o.a.j.t.JMeterThread: Thread started: Users Group 1-679
2024-02-21 15:40:19,194 INFO o.a.j.t.JMeterThread: Thread started: Users Group 1-681
2024-02-21 15:40:19,197 INFO o.a.j.t.JMeterThread: Thread started: Users Group 1-682
2024-02-21 15:40:19,197 INFO o.a.j.t.JMeterThread: Thread started: Users Group 1-683
2024-02-21 15:40:19,204 INFO o.a.j.t.JMeterThread: Thread started: Users Group 1-685
2024-02-21 15:40:19,204 INFO o.a.j.t.JMeterThread: Thread started: Users Group 1-684
2024-02-21 15:40:19,207 INFO o.a.j.t.JMeterThread: Thread started: Users Group 1-686
2024-02-21 15:40:19,208 INFO o.a.j.t.JMeterThread: Thread started: Users Group 1-687
2024-02-21 15:40:19,210 INFO o.a.j.t.JMeterThread: Thread started: Users Group 1-688
2024-02-21 15:40:19,216 INFO o.a.j.t.JMeterThread: Thread started: Users Group 1-689
2024-02-21 15:40:19,221 INFO o.a.j.t.JMeterThread: Thread started: Users Group 1-691
2024-02-21 15:40:19,222 INFO o.a.j.t.JMeterThread: Thread started: Users Group 1-690
2024-02-21 15:40:19,227 INFO o.a.j.t.JMeterThread: Thread started: Users Group 1-692
2024-02-21 15:40:19,231 INFO o.a.j.t.JMeterThread: Thread started: Users Group 1-693
2024-02-21 15:40:19,233 INFO o.a.j.t.JMeterThread: Thread started: Users Group 1-694
2024-02-21 15:40:19,233 INFO o.a.j.t.JMeterThread: Thread started: Users Group 1-695
2024-02-21 15:40:19,237 INFO o.a.j.t.JMeterThread: Thread started: Users Group 1-696
2024-02-21 15:40:19,263 INFO o.a.j.t.JMeterThread: Thread started: Users Group 1-706
2024-02-21 15:40:19,264 INFO o.a.j.t.JMeterThread: Thread started: Users Group 1-697
2024-02-21 15:40:19,272 INFO o.a.j.t.JMeterThread: Thread started: Users Group 1-709
2024-02-21 15:40:19,274 INFO o.a.j.t.JMeterThread: Thread started: Users Group 1-707
2024-02-21 15:40:19,272 INFO o.a.j.t.JMeterThread: Thread started: Users Group 1-708
2024-02-21 15:40:19,280 INFO o.a.j.t.JMeterThread: Thread started: Users Group 1-711
2024-02-21 15:40:19,278 INFO o.a.j.t.JMeterThread: Thread started: Users Group 1-710
2024-02-21 15:40:19,282 INFO o.a.j.t.JMeterThread: Thread started: Users Group 1-698
2024-02-21 15:40:19,283 INFO o.a.j.t.JMeterThread: Thread started: Users Group 1-712
2024-02-21 15:40:19,290 INFO o.a.j.t.JMeterThread: Thread started: Users Group 1-713
2024-02-21 15:40:19,297 INFO o.a.j.t.JMeterThread: Thread started: Users Group 1-699
2024-02-21 15:40:19,297 INFO o.a.j.t.JMeterThread: Thread started: Users Group 1-702
2024-02-21 15:40:19,297 INFO o.a.j.t.JMeterThread: Thread started: Users Group 1-700
2024-02-21 15:40:19,297 INFO o.a.j.t.JMeterThread: Thread started: Users Group 1-715
2024-02-21 15:40:19,298 INFO o.a.j.t.JMeterThread: Thread started: Users Group 1-701
2024-02-21 15:40:19,298 INFO o.a.j.t.JMeterThread: Thread started: Users Group 1-703
2024-02-21 15:40:19,298 INFO o.a.j.t.JMeterThread: Thread started: Users Group 1-704
2024-02-21 15:40:19,298 INFO o.a.j.t.JMeterThread: Thread started: Users Group 1-705
2024-02-21 15:40:19,293 INFO o.a.j.t.JMeterThread: Thread started: Users Group 1-714
2024-02-21 15:40:19,304 INFO o.a.j.t.JMeterThread: Thread started: Users Group 1-717
2024-02-21 15:40:19,305 INFO o.a.j.t.JMeterThread: Thread started: Users Group 1-716
2024-02-21 15:40:19,305 INFO o.a.j.t.JMeterThread: Thread started: Users Group 1-719
2024-02-21 15:40:19,308 INFO o.a.j.t.JMeterThread: Thread started: Users Group 1-718
2024-02-21 15:40:19,314 INFO o.a.j.t.JMeterThread: Thread started: Users Group 1-722
2024-02-21 15:40:19,316 INFO o.a.j.t.JMeterThread: Thread started: Users Group 1-721
2024-02-21 15:40:19,316 INFO o.a.j.t.JMeterThread: Thread started: Users Group 1-720
2024-02-21 15:40:19,323 INFO o.a.j.t.JMeterThread: Thread started: Users Group 1-723
2024-02-21 15:40:19,324 INFO o.a.j.t.JMeterThread: Thread started: Users Group 1-724
2024-02-21 15:40:19,331 INFO o.a.j.t.JMeterThread: Thread started: Users Group 1-725
2024-02-21 15:40:19,331 INFO o.a.j.t.JMeterThread: Thread started: Users Group 1-726
2024-02-21 15:40:19,336 INFO o.a.j.t.JMeterThread: Thread started: Users Group 1-728
2024-02-21 15:40:19,336 INFO o.a.j.t.JMeterThread: Thread started: Users Group 1-727
2024-02-21 15:40:19,340 INFO o.a.j.t.JMeterThread: Thread started: Users Group 1-729
2024-02-21 15:40:19,346 INFO o.a.j.t.JMeterThread: Thread started: Users Group 1-730
2024-02-21 15:40:19,349 INFO o.a.j.t.JMeterThread: Thread started: Users Group 1-732
2024-02-21 15:40:19,349 INFO o.a.j.t.JMeterThread: Thread started: Users Group 1-731
2024-02-21 15:40:19,350 INFO o.a.j.t.JMeterThread: Thread started: Users Group 1-733
2024-02-21 15:40:19,358 INFO o.a.j.t.JMeterThread: Thread started: Users Group 1-734
2024-02-21 15:40:19,359 INFO o.a.j.t.JMeterThread: Thread started: Users Group 1-735
2024-02-21 15:40:19,362 INFO o.a.j.t.JMeterThread: Thread started: Users Group 1-736
2024-02-21 15:40:19,366 INFO o.a.j.t.JMeterThread: Thread started: Users Group 1-737
2024-02-21 15:40:19,367 INFO o.a.j.t.JMeterThread: Thread started: Users Group 1-739
2024-02-21 15:40:19,369 INFO o.a.j.t.JMeterThread: Thread started: Users Group 1-738
2024-02-21 15:40:19,373 INFO o.a.j.t.JMeterThread: Thread started: Users Group 1-740
2024-02-21 15:40:19,377 INFO o.a.j.t.JMeterThread: Thread started: Users Group 1-741
2024-02-21 15:40:19,379 INFO o.a.j.t.JMeterThread: Thread started: Users Group 1-744
2024-02-21 15:40:19,382 INFO o.a.j.t.JMeterThread: Thread started: Users Group 1-743
2024-02-21 15:40:19,385 INFO o.a.j.t.JMeterThread: Thread started: Users Group 1-745
2024-02-21 15:40:19,377 INFO o.a.j.t.JMeterThread: Thread started: Users Group 1-742
2024-02-21 15:40:19,389 INFO o.a.j.t.JMeterThread: Thread started: Users Group 1-746
2024-02-21 15:40:19,389 INFO o.a.j.t.JMeterThread: Thread started: Users Group 1-747
2024-02-21 15:40:19,397 INFO o.a.j.t.JMeterThread: Thread started: Users Group 1-749
2024-02-21 15:40:19,398 INFO o.a.j.t.JMeterThread: Thread started: Users Group 1-750
2024-02-21 15:40:19,399 INFO o.a.j.t.JMeterThread: Thread started: Users Group 1-748
2024-02-21 15:40:19,402 INFO o.a.j.t.JMeterThread: Thread started: Users Group 1-751
2024-02-21 15:40:19,403 INFO o.a.j.t.JMeterThread: Thread started: Users Group 1-753
2024-02-21 15:40:19,406 INFO o.a.j.t.JMeterThread: Thread started: Users Group 1-752
2024-02-21 15:40:19,408 INFO o.a.j.t.JMeterThread: Thread started: Users Group 1-754
2024-02-21 15:40:19,414 INFO o.a.j.t.JMeterThread: Thread started: Users Group 1-756
2024-02-21 15:40:19,415 INFO o.a.j.t.JMeterThread: Thread started: Users Group 1-755
2024-02-21 15:40:19,420 INFO o.a.j.t.JMeterThread: Thread started: Users Group 1-757
2024-02-21 15:40:19,423 INFO o.a.j.t.JMeterThread: Thread started: Users Group 1-758
2024-02-21 15:40:19,424 INFO o.a.j.t.JMeterThread: Thread started: Users Group 1-759
2024-02-21 15:40:19,427 INFO o.a.j.t.JMeterThread: Thread started: Users Group 1-760
2024-02-21 15:40:19,428 INFO o.a.j.t.JMeterThread: Thread started: Users Group 1-761
2024-02-21 15:40:19,436 INFO o.a.j.t.JMeterThread: Thread started: Users Group 1-762
2024-02-21 15:40:19,436 INFO o.a.j.t.JMeterThread: Thread started: Users Group 1-763
2024-02-21 15:40:19,438 INFO o.a.j.t.JMeterThread: Thread started: Users Group 1-764
2024-02-21 15:40:19,443 INFO o.a.j.t.JMeterThread: Thread started: Users Group 1-765
2024-02-21 15:40:19,449 INFO o.a.j.t.JMeterThread: Thread started: Users Group 1-766
2024-02-21 15:40:19,449 INFO o.a.j.t.JMeterThread: Thread started: Users Group 1-767
2024-02-21 15:40:19,455 INFO o.a.j.t.JMeterThread: Thread started: Users Group 1-768
2024-02-21 15:40:19,461 INFO o.a.j.t.JMeterThread: Thread started: Users Group 1-771
2024-02-21 15:40:19,456 INFO o.a.j.t.JMeterThread: Thread started: Users Group 1-770
2024-02-21 15:40:19,460 INFO o.a.j.t.JMeterThread: Thread started: Users Group 1-769
2024-02-21 15:40:19,467 INFO o.a.j.t.JMeterThread: Thread started: Users Group 1-772
2024-02-21 15:40:19,470 INFO o.a.j.t.JMeterThread: Thread started: Users Group 1-773
2024-02-21 15:40:19,473 INFO o.a.j.t.JMeterThread: Thread started: Users Group 1-774
2024-02-21 15:40:19,476 INFO o.a.j.t.JMeterThread: Thread started: Users Group 1-775
2024-02-21 15:40:19,478 INFO o.a.j.t.JMeterThread: Thread started: Users Group 1-776
2024-02-21 15:40:19,480 INFO o.a.j.t.JMeterThread: Thread started: Users Group 1-777
2024-02-21 15:40:19,483 INFO o.a.j.t.JMeterThread: Thread started: Users Group 1-778
2024-02-21 15:40:19,484 INFO o.a.j.t.JMeterThread: Thread started: Users Group 1-779
2024-02-21 15:40:19,488 INFO o.a.j.t.JMeterThread: Thread started: Users Group 1-780
2024-02-21 15:40:19,494 INFO o.a.j.t.JMeterThread: Thread started: Users Group 1-781
2024-02-21 15:40:19,496 INFO o.a.j.t.JMeterThread: Thread started: Users Group 1-784
2024-02-21 15:40:19,497 INFO o.a.j.t.JMeterThread: Thread started: Users Group 1-782
2024-02-21 15:40:19,498 INFO o.a.j.t.JMeterThread: Thread started: Users Group 1-783
2024-02-21 15:40:19,503 INFO o.a.j.t.JMeterThread: Thread started: Users Group 1-785
2024-02-21 15:40:19,505 INFO o.a.j.t.JMeterThread: Thread started: Users Group 1-786
2024-02-21 15:40:19,512 INFO o.a.j.t.JMeterThread: Thread started: Users Group 1-787
2024-02-21 15:40:19,514 INFO o.a.j.t.JMeterThread: Thread started: Users Group 1-789
2024-02-21 15:40:19,517 INFO o.a.j.t.JMeterThread: Thread started: Users Group 1-788
2024-02-21 15:40:19,521 INFO o.a.j.t.JMeterThread: Thread started: Users Group 1-790
2024-02-21 15:40:19,525 INFO o.a.j.t.JMeterThread: Thread started: Users Group 1-792
2024-02-21 15:40:19,526 INFO o.a.j.t.JMeterThread: Thread started: Users Group 1-791
2024-02-21 15:40:19,534 INFO o.a.j.t.JMeterThread: Thread started: Users Group 1-793
2024-02-21 15:40:19,534 INFO o.a.j.t.JMeterThread: Thread started: Users Group 1-794
2024-02-21 15:40:19,534 INFO o.a.j.t.JMeterThread: Thread started: Users Group 1-795
2024-02-21 15:40:19,543 INFO o.a.j.t.JMeterThread: Thread started: Users Group 1-796
2024-02-21 15:40:19,547 INFO o.a.j.t.JMeterThread: Thread started: Users Group 1-797
2024-02-21 15:40:19,548 INFO o.a.j.t.JMeterThread: Thread started: Users Group 1-798
2024-02-21 15:40:19,552 INFO o.a.j.t.JMeterThread: Thread started: Users Group 1-799
2024-02-21 15:40:19,563 INFO o.a.j.t.JMeterThread: Thread started: Users Group 1-801
2024-02-21 15:40:19,564 INFO o.a.j.t.JMeterThread: Thread started: Users Group 1-800
2024-02-21 15:40:19,569 INFO o.a.j.t.JMeterThread: Thread started: Users Group 1-802
2024-02-21 15:40:19,570 INFO o.a.j.t.JMeterThread: Thread started: Users Group 1-803
2024-02-21 15:40:19,570 INFO o.a.j.t.JMeterThread: Thread started: Users Group 1-804
2024-02-21 15:40:19,572 INFO o.a.j.t.JMeterThread: Thread started: Users Group 1-806
2024-02-21 15:40:19,572 INFO o.a.j.t.JMeterThread: Thread started: Users Group 1-805
2024-02-21 15:40:19,575 INFO o.a.j.t.JMeterThread: Thread started: Users Group 1-807
2024-02-21 15:40:19,577 INFO o.a.j.t.JMeterThread: Thread started: Users Group 1-808
2024-02-21 15:40:19,579 INFO o.a.j.t.JMeterThread: Thread started: Users Group 1-809
2024-02-21 15:40:19,580 INFO o.a.j.t.JMeterThread: Thread started: Users Group 1-810
2024-02-21 15:40:19,581 INFO o.a.j.t.JMeterThread: Thread started: Users Group 1-811
2024-02-21 15:40:19,583 INFO o.a.j.t.JMeterThread: Thread started: Users Group 1-813
2024-02-21 15:40:19,584 INFO o.a.j.t.JMeterThread: Thread started: Users Group 1-812
2024-02-21 15:40:19,591 INFO o.a.j.t.JMeterThread: Thread started: Users Group 1-814
2024-02-21 15:40:19,593 INFO o.a.j.t.JMeterThread: Thread started: Users Group 1-816
2024-02-21 15:40:19,594 INFO o.a.j.t.JMeterThread: Thread started: Users Group 1-815
2024-02-21 15:40:19,595 INFO o.a.j.t.JMeterThread: Thread started: Users Group 1-817
2024-02-21 15:40:19,609 INFO o.a.j.t.JMeterThread: Thread started: Users Group 1-818
2024-02-21 15:40:19,611 INFO o.a.j.t.JMeterThread: Thread started: Users Group 1-819
2024-02-21 15:40:19,615 INFO o.a.j.t.JMeterThread: Thread started: Users Group 1-820
2024-02-21 15:40:19,615 INFO o.a.j.t.JMeterThread: Thread started: Users Group 1-821
2024-02-21 15:40:19,617 INFO o.a.j.t.JMeterThread: Thread started: Users Group 1-822
2024-02-21 15:40:19,621 INFO o.a.j.t.JMeterThread: Thread started: Users Group 1-823
2024-02-21 15:40:19,622 INFO o.a.j.t.JMeterThread: Thread started: Users Group 1-824
2024-02-21 15:40:19,622 INFO o.a.j.t.JMeterThread: Thread started: Users Group 1-825
2024-02-21 15:40:19,627 INFO o.a.j.t.JMeterThread: Thread started: Users Group 1-826
2024-02-21 15:40:19,632 INFO o.a.j.t.JMeterThread: Thread started: Users Group 1-827
2024-02-21 15:40:19,632 INFO o.a.j.t.JMeterThread: Thread started: Users Group 1-828
2024-02-21 15:40:19,638 INFO o.a.j.t.JMeterThread: Thread started: Users Group 1-829
2024-02-21 15:40:19,640 INFO o.a.j.t.JMeterThread: Thread started: Users Group 1-830
2024-02-21 15:40:19,643 INFO o.a.j.t.JMeterThread: Thread started: Users Group 1-831
2024-02-21 15:40:19,646 INFO o.a.j.t.JMeterThread: Thread started: Users Group 1-832
2024-02-21 15:40:19,649 INFO o.a.j.t.JMeterThread: Thread started: Users Group 1-833
2024-02-21 15:40:19,649 INFO o.a.j.t.JMeterThread: Thread started: Users Group 1-834
2024-02-21 15:40:19,654 INFO o.a.j.t.JMeterThread: Thread started: Users Group 1-835
2024-02-21 15:40:19,657 INFO o.a.j.t.JMeterThread: Thread started: Users Group 1-836
2024-02-21 15:40:19,657 INFO o.a.j.t.JMeterThread: Thread started: Users Group 1-837
2024-02-21 15:40:19,663 INFO o.a.j.t.JMeterThread: Thread started: Users Group 1-838
2024-02-21 15:40:19,667 INFO o.a.j.t.JMeterThread: Thread started: Users Group 1-840
2024-02-21 15:40:19,667 INFO o.a.j.t.JMeterThread: Thread started: Users Group 1-839
2024-02-21 15:40:19,671 INFO o.a.j.t.JMeterThread: Thread started: Users Group 1-841
2024-02-21 15:40:19,676 INFO o.a.j.t.JMeterThread: Thread started: Users Group 1-842
2024-02-21 15:40:19,679 INFO o.a.j.t.JMeterThread: Thread started: Users Group 1-843
2024-02-21 15:40:19,679 INFO o.a.j.t.JMeterThread: Thread started: Users Group 1-844
2024-02-21 15:40:19,683 INFO o.a.j.t.JMeterThread: Thread started: Users Group 1-845
2024-02-21 15:40:19,688 INFO o.a.j.t.JMeterThread: Thread started: Users Group 1-846
2024-02-21 15:40:19,688 INFO o.a.j.t.JMeterThread: Thread started: Users Group 1-847
2024-02-21 15:40:19,691 INFO o.a.j.t.JMeterThread: Thread started: Users Group 1-848
2024-02-21 15:40:19,712 INFO o.a.j.t.JMeterThread: Thread started: Users Group 1-849
2024-02-21 15:40:19,718 INFO o.a.j.t.JMeterThread: Thread started: Users Group 1-856
2024-02-21 15:40:19,718 INFO o.a.j.t.JMeterThread: Thread started: Users Group 1-857
2024-02-21 15:40:19,723 INFO o.a.j.t.JMeterThread: Thread started: Users Group 1-858
2024-02-21 15:40:19,723 INFO o.a.j.t.JMeterThread: Thread started: Users Group 1-859
2024-02-21 15:40:19,727 INFO o.a.j.t.JMeterThread: Thread started: Users Group 1-850
2024-02-21 15:40:19,728 INFO o.a.j.t.JMeterThread: Thread started: Users Group 1-861
2024-02-21 15:40:19,728 INFO o.a.j.t.JMeterThread: Thread started: Users Group 1-860
2024-02-21 15:40:19,730 INFO o.a.j.t.JMeterThread: Thread started: Users Group 1-851
2024-02-21 15:40:19,730 INFO o.a.j.t.JMeterThread: Thread started: Users Group 1-852
2024-02-21 15:40:19,730 INFO o.a.j.t.JMeterThread: Thread started: Users Group 1-853
2024-02-21 15:40:19,730 INFO o.a.j.t.JMeterThread: Thread started: Users Group 1-855
2024-02-21 15:40:19,731 INFO o.a.j.t.JMeterThread: Thread started: Users Group 1-854
2024-02-21 15:40:19,733 INFO o.a.j.t.JMeterThread: Thread started: Users Group 1-863
2024-02-21 15:40:19,734 INFO o.a.j.t.JMeterThread: Thread started: Users Group 1-862
2024-02-21 15:40:19,742 INFO o.a.j.t.JMeterThread: Thread started: Users Group 1-864
2024-02-21 15:40:19,742 INFO o.a.j.t.JMeterThread: Thread started: Users Group 1-865
2024-02-21 15:40:19,747 INFO o.a.j.t.JMeterThread: Thread started: Users Group 1-866
2024-02-21 15:40:19,747 INFO o.a.j.t.JMeterThread: Thread started: Users Group 1-867
2024-02-21 15:40:19,757 INFO o.a.j.t.JMeterThread: Thread started: Users Group 1-868
2024-02-21 15:40:19,758 INFO o.a.j.t.JMeterThread: Thread started: Users Group 1-869
2024-02-21 15:40:19,764 INFO o.a.j.t.JMeterThread: Thread started: Users Group 1-870
2024-02-21 15:40:19,767 INFO o.a.j.t.JMeterThread: Thread started: Users Group 1-871
2024-02-21 15:40:19,771 INFO o.a.j.t.JMeterThread: Thread started: Users Group 1-874
2024-02-21 15:40:19,774 INFO o.a.j.t.JMeterThread: Thread started: Users Group 1-872
2024-02-21 15:40:19,771 INFO o.a.j.t.JMeterThread: Thread started: Users Group 1-873
2024-02-21 15:40:19,777 INFO o.a.j.t.JMeterThread: Thread started: Users Group 1-875
2024-02-21 15:40:19,780 INFO o.a.j.t.JMeterThread: Thread started: Users Group 1-877
2024-02-21 15:40:19,785 INFO o.a.j.t.JMeterThread: Thread started: Users Group 1-879
2024-02-21 15:40:19,779 INFO o.a.j.t.JMeterThread: Thread started: Users Group 1-876
2024-02-21 15:40:19,788 INFO o.a.j.t.JMeterThread: Thread started: Users Group 1-878
2024-02-21 15:40:19,790 INFO o.a.j.t.JMeterThread: Thread started: Users Group 1-880
2024-02-21 15:40:19,798 INFO o.a.j.t.JMeterThread: Thread started: Users Group 1-882
2024-02-21 15:40:19,798 INFO o.a.j.t.JMeterThread: Thread started: Users Group 1-883
2024-02-21 15:40:19,799 INFO o.a.j.t.JMeterThread: Thread started: Users Group 1-881
2024-02-21 15:40:19,803 INFO o.a.j.t.JMeterThread: Thread started: Users Group 1-884
2024-02-21 15:40:19,810 INFO o.a.j.t.JMeterThread: Thread started: Users Group 1-885
2024-02-21 15:40:19,811 INFO o.a.j.t.JMeterThread: Thread started: Users Group 1-886
2024-02-21 15:40:19,812 INFO o.a.j.t.JMeterThread: Thread started: Users Group 1-888
2024-02-21 15:40:19,816 INFO o.a.j.t.JMeterThread: Thread started: Users Group 1-887
2024-02-21 15:40:19,818 INFO o.a.j.t.JMeterThread: Thread started: Users Group 1-889
2024-02-21 15:40:19,819 INFO o.a.j.t.JMeterThread: Thread started: Users Group 1-890
2024-02-21 15:40:19,827 INFO o.a.j.t.JMeterThread: Thread started: Users Group 1-891
2024-02-21 15:40:19,832 INFO o.a.j.t.JMeterThread: Thread started: Users Group 1-893
2024-02-21 15:40:19,832 INFO o.a.j.t.JMeterThread: Thread started: Users Group 1-892
2024-02-21 15:40:19,836 INFO o.a.j.t.JMeterThread: Thread started: Users Group 1-895
2024-02-21 15:40:19,837 INFO o.a.j.t.JMeterThread: Thread started: Users Group 1-894
2024-02-21 15:40:19,842 INFO o.a.j.t.JMeterThread: Thread started: Users Group 1-897
2024-02-21 15:40:19,842 INFO o.a.j.t.JMeterThread: Thread started: Users Group 1-896
2024-02-21 15:40:19,844 INFO o.a.j.t.JMeterThread: Thread started: Users Group 1-898
2024-02-21 15:40:19,846 INFO o.a.j.t.JMeterThread: Thread started: Users Group 1-900
2024-02-21 15:40:19,847 INFO o.a.j.t.JMeterThread: Thread started: Users Group 1-899
2024-02-21 15:40:19,856 INFO o.a.j.t.JMeterThread: Thread started: Users Group 1-901
2024-02-21 15:40:19,862 INFO o.a.j.t.JMeterThread: Thread started: Users Group 1-903
2024-02-21 15:40:19,862 INFO o.a.j.t.JMeterThread: Thread started: Users Group 1-902
2024-02-21 15:40:19,863 INFO o.a.j.t.JMeterThread: Thread started: Users Group 1-904
2024-02-21 15:40:19,869 INFO o.a.j.t.JMeterThread: Thread started: Users Group 1-905
2024-02-21 15:40:19,871 INFO o.a.j.t.JMeterThread: Thread started: Users Group 1-906
2024-02-21 15:40:19,871 INFO o.a.j.t.JMeterThread: Thread started: Users Group 1-907
2024-02-21 15:40:19,871 INFO o.a.j.t.JMeterThread: Thread started: Users Group 1-908
2024-02-21 15:40:19,876 INFO o.a.j.t.JMeterThread: Thread started: Users Group 1-909
2024-02-21 15:40:19,876 INFO o.a.j.t.JMeterThread: Thread started: Users Group 1-910
2024-02-21 15:40:19,884 INFO o.a.j.t.JMeterThread: Thread started: Users Group 1-911
2024-02-21 15:40:19,886 INFO o.a.j.t.JMeterThread: Thread started: Users Group 1-912
2024-02-21 15:40:19,887 INFO o.a.j.t.JMeterThread: Thread started: Users Group 1-913
2024-02-21 15:40:19,892 INFO o.a.j.t.JMeterThread: Thread started: Users Group 1-914
2024-02-21 15:40:19,895 INFO o.a.j.t.JMeterThread: Thread started: Users Group 1-916
2024-02-21 15:40:19,896 INFO o.a.j.t.JMeterThread: Thread started: Users Group 1-915
2024-02-21 15:40:19,897 INFO o.a.j.t.JMeterThread: Thread started: Users Group 1-917
2024-02-21 15:40:19,903 INFO o.a.j.t.JMeterThread: Thread started: Users Group 1-918
2024-02-21 15:40:19,907 INFO o.a.j.t.JMeterThread: Thread started: Users Group 1-920
2024-02-21 15:40:19,908 INFO o.a.j.t.JMeterThread: Thread started: Users Group 1-919
2024-02-21 15:40:19,909 INFO o.a.j.t.JMeterThread: Thread started: Users Group 1-921
2024-02-21 15:40:19,913 INFO o.a.j.t.JMeterThread: Thread started: Users Group 1-922
2024-02-21 15:40:19,920 INFO o.a.j.t.JMeterThread: Thread started: Users Group 1-923
2024-02-21 15:40:19,922 INFO o.a.j.t.JMeterThread: Thread started: Users Group 1-924
2024-02-21 15:40:19,925 INFO o.a.j.t.JMeterThread: Thread started: Users Group 1-925
2024-02-21 15:40:19,927 INFO o.a.j.t.JMeterThread: Thread started: Users Group 1-927
2024-02-21 15:40:19,928 INFO o.a.j.t.JMeterThread: Thread started: Users Group 1-926
2024-02-21 15:40:19,933 INFO o.a.j.t.JMeterThread: Thread started: Users Group 1-928
2024-02-21 15:40:19,937 INFO o.a.j.t.JMeterThread: Thread started: Users Group 1-929
2024-02-21 15:40:19,938 INFO o.a.j.t.JMeterThread: Thread started: Users Group 1-930
2024-02-21 15:40:19,944 INFO o.a.j.t.JMeterThread: Thread started: Users Group 1-931
2024-02-21 15:40:19,947 INFO o.a.j.t.JMeterThread: Thread started: Users Group 1-932
2024-02-21 15:40:19,949 INFO o.a.j.t.JMeterThread: Thread started: Users Group 1-934
2024-02-21 15:40:19,951 INFO o.a.j.t.JMeterThread: Thread started: Users Group 1-933
2024-02-21 15:40:19,951 INFO o.a.j.t.JMeterThread: Thread started: Users Group 1-935
2024-02-21 15:40:19,960 INFO o.a.j.t.JMeterThread: Thread started: Users Group 1-936
2024-02-21 15:40:19,960 INFO o.a.j.t.JMeterThread: Thread started: Users Group 1-937
2024-02-21 15:40:19,966 INFO o.a.j.t.JMeterThread: Thread started: Users Group 1-938
2024-02-21 15:40:19,970 INFO o.a.j.t.JMeterThread: Thread started: Users Group 1-939
2024-02-21 15:40:19,973 INFO o.a.j.t.JMeterThread: Thread started: Users Group 1-940
2024-02-21 15:40:19,974 INFO o.a.j.t.JMeterThread: Thread started: Users Group 1-941
2024-02-21 15:40:19,979 INFO o.a.j.t.JMeterThread: Thread started: Users Group 1-943
2024-02-21 15:40:19,980 INFO o.a.j.t.JMeterThread: Thread started: Users Group 1-942
2024-02-21 15:40:19,980 INFO o.a.j.t.JMeterThread: Thread started: Users Group 1-944
2024-02-21 15:40:19,987 INFO o.a.j.t.JMeterThread: Thread started: Users Group 1-945
2024-02-21 15:40:19,989 INFO o.a.j.t.JMeterThread: Thread started: Users Group 1-947
2024-02-21 15:40:19,991 INFO o.a.j.t.JMeterThread: Thread started: Users Group 1-946
2024-02-21 15:40:19,993 INFO o.a.j.t.JMeterThread: Thread started: Users Group 1-948
2024-02-21 15:40:19,996 INFO o.a.j.t.JMeterThread: Thread started: Users Group 1-949
2024-02-21 15:40:19,998 INFO o.a.j.t.JMeterThread: Thread started: Users Group 1-950
2024-02-21 15:40:20,000 INFO o.a.j.t.JMeterThread: Thread started: Users Group 1-951
2024-02-21 15:40:20,005 INFO o.a.j.t.JMeterThread: Thread started: Users Group 1-952
2024-02-21 15:40:20,008 INFO o.a.j.t.JMeterThread: Thread started: Users Group 1-953
2024-02-21 15:40:20,009 INFO o.a.j.t.JMeterThread: Thread started: Users Group 1-954
2024-02-21 15:40:20,015 INFO o.a.j.t.JMeterThread: Thread started: Users Group 1-955
2024-02-21 15:40:20,017 INFO o.a.j.t.JMeterThread: Thread started: Users Group 1-956
2024-02-21 15:40:20,022 INFO o.a.j.t.JMeterThread: Thread started: Users Group 1-957
2024-02-21 15:40:20,024 INFO o.a.j.t.JMeterThread: Thread started: Users Group 1-958
2024-02-21 15:40:20,027 INFO o.a.j.t.JMeterThread: Thread started: Users Group 1-959
2024-02-21 15:40:20,029 INFO o.a.j.t.JMeterThread: Thread started: Users Group 1-961
2024-02-21 15:40:20,029 INFO o.a.j.t.JMeterThread: Thread started: Users Group 1-960
2024-02-21 15:40:20,033 INFO o.a.j.t.JMeterThread: Thread started: Users Group 1-962
2024-02-21 15:40:20,035 INFO o.a.j.t.JMeterThread: Thread started: Users Group 1-963
2024-02-21 15:40:20,045 INFO o.a.j.t.JMeterThread: Thread started: Users Group 1-966
2024-02-21 15:40:20,043 INFO o.a.j.t.JMeterThread: Thread started: Users Group 1-965
2024-02-21 15:40:20,046 INFO o.a.j.t.JMeterThread: Thread started: Users Group 1-964
2024-02-21 15:40:20,050 INFO o.a.j.t.JMeterThread: Thread started: Users Group 1-967
2024-02-21 15:40:20,050 INFO o.a.j.t.JMeterThread: Thread started: Users Group 1-968
2024-02-21 15:40:20,058 INFO o.a.j.t.JMeterThread: Thread started: Users Group 1-970
2024-02-21 15:40:20,075 INFO o.a.j.t.JMeterThread: Thread started: Users Group 1-975
2024-02-21 15:40:20,079 INFO o.a.j.t.JMeterThread: Thread started: Users Group 1-976
2024-02-21 15:40:20,081 INFO o.a.j.t.JMeterThread: Thread started: Users Group 1-977
2024-02-21 15:40:20,084 INFO o.a.j.t.JMeterThread: Thread started: Users Group 1-979
2024-02-21 15:40:20,084 INFO o.a.j.t.JMeterThread: Thread started: Users Group 1-969
2024-02-21 15:40:20,085 INFO o.a.j.t.JMeterThread: Thread started: Users Group 1-971
2024-02-21 15:40:20,086 INFO o.a.j.t.JMeterThread: Thread started: Users Group 1-978
2024-02-21 15:40:20,090 INFO o.a.j.t.JMeterThread: Thread started: Users Group 1-981
2024-02-21 15:40:20,095 INFO o.a.j.t.JMeterThread: Thread started: Users Group 1-983
2024-02-21 15:40:20,099 INFO o.a.j.t.JMeterThread: Thread started: Users Group 1-984
2024-02-21 15:40:20,101 INFO o.a.j.t.JMeterThread: Thread started: Users Group 1-985
2024-02-21 15:40:20,102 INFO o.a.j.t.JMeterThread: Thread started: Users Group 1-986
2024-02-21 15:40:20,110 INFO o.a.j.t.JMeterThread: Thread started: Users Group 1-987
2024-02-21 15:40:20,111 INFO o.a.j.t.JMeterThread: Thread started: Users Group 1-988
2024-02-21 15:40:20,112 INFO o.a.j.t.JMeterThread: Thread started: Users Group 1-989
2024-02-21 15:40:20,119 INFO o.a.j.t.JMeterThread: Thread started: Users Group 1-990
2024-02-21 15:40:20,119 INFO o.a.j.t.JMeterThread: Thread started: Users Group 1-991
2024-02-21 15:40:20,125 INFO o.a.j.t.JMeterThread: Thread started: Users Group 1-992
2024-02-21 15:40:20,130 INFO o.a.j.t.JMeterThread: Thread started: Users Group 1-993
2024-02-21 15:40:20,134 INFO o.a.j.t.JMeterThread: Thread started: Users Group 1-995
2024-02-21 15:40:20,135 INFO o.a.j.t.JMeterThread: Thread started: Users Group 1-994
2024-02-21 15:40:20,137 INFO o.a.j.t.JMeterThread: Thread started: Users Group 1-973
2024-02-21 15:40:20,137 INFO o.a.j.t.JMeterThread: Thread started: Users Group 1-972
2024-02-21 15:40:20,138 INFO o.a.j.t.JMeterThread: Thread started: Users Group 1-974
2024-02-21 15:40:20,141 INFO o.a.j.t.JMeterThread: Thread started: Users Group 1-996
2024-02-21 15:40:20,141 INFO o.a.j.t.JMeterThread: Thread started: Users Group 1-982
2024-02-21 15:40:20,144 INFO o.a.j.t.JMeterThread: Thread started: Users Group 1-997
2024-02-21 15:40:20,146 INFO o.a.j.t.JMeterThread: Thread started: Users Group 1-980
2024-02-21 15:40:20,149 INFO o.a.j.t.JMeterThread: Thread started: Users Group 1-998
2024-02-21 15:40:20,150 INFO o.a.j.t.JMeterThread: Thread started: Users Group 1-999
2024-02-21 15:40:20,152 INFO o.a.j.t.JMeterThread: Thread started: Users Group 1-1000
2024-02-21 15:42:30,879 INFO o.a.j.r.ResultCollector: Shutdown hook started
2024-02-21 15:42:30,882 INFO o.a.j.r.ResultCollector: Shutdown hook ended
